{"pid":130535,"shlvl":1,"level":"INFO","dir":"/home/goy0","message":"ZPLUG_LOADFILE is not found","trace":["__zplug::log::write::info:2","__zplug::io::file::load:3","/home/goy0/.zplug/init.zsh:33","/home/goy0/.zshrc:6","zsh:0"],"date":"2021-01-10T14:46:42+1100"}
{"pid":137691,"shlvl":2,"level":"INFO","dir":"/home/goy0","message":"ZPLUG_LOADFILE is not found","trace":["__zplug::log::write::info:2","__zplug::io::file::load:3","/home/goy0/.zplug/init.zsh:33","/home/goy0/.zshrc:6","zsh:0"],"date":"2021-01-10T14:52:11+1100"}
{"pid":137691,"shlvl":2,"level":"ERROR","dir":"/home/goy0/.zplug/repos/robbyrussell/oh-my-zsh","message":"fatal: Unable to create '/home/goy0/.zplug/repos/robbyrussell/oh-my-zsh/.git/index.lock': File exists.\n\nAnother git process seems to be running in this repository, e.g.\nan editor opened by 'git commit'. Please make sure all processes\nare terminated then try again. If it still fails, a git process\nmay have crashed in this repository earlier:\nremove the file manually to continue.","trace":["__zplug::log::capture::error:8","__zplug::utils::git::checkout:45","__zplug::core::cache::plugins:10","__load__:52","__zplug::core::core::run_interfaces:14","zplug:12","/home/goy0/.zshrc:26","zsh:0"],"date":"2021-01-10T14:52:21+1100"}
{"pid":137691,"shlvl":2,"level":"ERROR","dir":"/home/goy0/.zplug/repos/robbyrussell/oh-my-zsh","message":"fatal: Unable to create '/home/goy0/.zplug/repos/robbyrussell/oh-my-zsh/.git/index.lock': File exists.\n\nAnother git process seems to be running in this repository, e.g.\nan editor opened by 'git commit'. Please make sure all processes\nare terminated then try again. If it still fails, a git process\nmay have crashed in this repository earlier:\nremove the file manually to continue.","trace":["__zplug::log::capture::error:8","__zplug::utils::git::checkout:45","__zplug::core::cache::plugins:10","__load__:52","__zplug::core::core::run_interfaces:14","zplug:12","/home/goy0/.zshrc:26","zsh:0"],"date":"2021-01-10T14:52:21+1100"}
{"pid":137691,"shlvl":2,"level":"ERROR","dir":"/home/goy0/.zplug/repos/robbyrussell/oh-my-zsh","message":"fatal: Unable to create '/home/goy0/.zplug/repos/robbyrussell/oh-my-zsh/.git/index.lock': File exists.\n\nAnother git process seems to be running in this repository, e.g.\nan editor opened by 'git commit'. Please make sure all processes\nare terminated then try again. If it still fails, a git process\nmay have crashed in this repository earlier:\nremove the file manually to continue.","trace":["__zplug::log::capture::error:8","__zplug::utils::git::checkout:45","__zplug::core::cache::plugins:10","__load__:52","__zplug::core::core::run_interfaces:14","zplug:12","/home/goy0/.zshrc:26","zsh:0"],"date":"2021-01-10T14:52:21+1100"}
{"pid":137691,"shlvl":2,"level":"INFO","dir":"/home/goy0","message":"turn monitor on","trace":["__zplug::log::write::info:2","__zplug::job::polling::periodic:9","zsh:1"],"date":"2021-01-10T14:52:22+1100"}
{"pid":226528,"shlvl":1,"level":"INFO","dir":"/home/goy0","message":"ZPLUG_LOADFILE is not found","trace":["__zplug::log::write::info:2","__zplug::io::file::load:3","/home/goy0/.zplug/init.zsh:33","/home/goy0/.zshrc:6","zsh:0"],"date":"2021-01-10T15:40:18+1100"}
{"pid":226528,"shlvl":1,"level":"INFO","dir":"/home/goy0","message":"turn monitor on","trace":["__zplug::log::write::info:2","__zplug::job::polling::periodic:9","/usr/bin/zsh:1"],"date":"2021-01-10T15:40:19+1100"}
{"pid":226784,"shlvl":1,"level":"INFO","dir":"/home/goy0","message":"ZPLUG_LOADFILE is not found","trace":["__zplug::log::write::info:2","__zplug::io::file::load:3","/home/goy0/.zplug/init.zsh:33","/home/goy0/.zshrc:6","zsh:0"],"date":"2021-01-10T15:40:26+1100"}
{"pid":226784,"shlvl":1,"level":"INFO","dir":"/home/goy0","message":"turn monitor on","trace":["__zplug::log::write::info:2","__zplug::job::polling::periodic:9","/usr/bin/zsh:1"],"date":"2021-01-10T15:40:26+1100"}
{"pid":227419,"shlvl":1,"level":"INFO","dir":"/home/goy0","message":"ZPLUG_LOADFILE is not found","trace":["__zplug::log::write::info:2","__zplug::io::file::load:3","/home/goy0/.zplug/init.zsh:33","/home/goy0/.zshrc:6","zsh:0"],"date":"2021-01-10T15:51:52+1100"}
{"pid":227419,"shlvl":1,"level":"INFO","dir":"/home/goy0","message":"turn monitor on","trace":["__zplug::log::write::info:2","__zplug::job::polling::periodic:9","/usr/bin/zsh:1"],"date":"2021-01-10T15:51:52+1100"}
{"pid":230967,"shlvl":1,"level":"INFO","dir":"/home/goy0","message":"ZPLUG_LOADFILE is not found","trace":["__zplug::log::write::info:2","__zplug::io::file::load:3","/home/goy0/.zplug/init.zsh:33","/home/goy0/.zshrc:6","zsh:0"],"date":"2021-01-10T16:29:17+1100"}
{"pid":230967,"shlvl":1,"level":"INFO","dir":"/home/goy0","message":"turn monitor on","trace":["__zplug::log::write::info:2","__zplug::job::polling::periodic:9","/usr/bin/zsh:1"],"date":"2021-01-10T16:29:17+1100"}
{"pid":231195,"shlvl":2,"level":"INFO","dir":"/home/goy0","message":"ZPLUG_LOADFILE is not found","trace":["__zplug::log::write::info:2","__zplug::io::file::load:3","/home/goy0/.zplug/init.zsh:33","/home/goy0/.zshrc:6","zsh:0"],"date":"2021-01-10T16:29:35+1100"}
{"pid":231195,"shlvl":2,"level":"INFO","dir":"/home/goy0","message":"turn monitor on","trace":["__zplug::log::write::info:2","__zplug::job::polling::periodic:9","zsh:1"],"date":"2021-01-10T16:29:35+1100"}
{"pid":233696,"shlvl":2,"level":"INFO","dir":"/home/goy0/.config/kitty","message":"ZPLUG_LOADFILE is not found","trace":["__zplug::log::write::info:2","__zplug::io::file::load:3","/home/goy0/.zplug/init.zsh:33","/home/goy0/.zshrc:6","zsh:0"],"date":"2021-01-10T16:30:53+1100"}
{"pid":233696,"shlvl":2,"level":"INFO","dir":"/home/goy0/.config/kitty","message":"turn monitor on","trace":["__zplug::log::write::info:2","__zplug::job::polling::periodic:9","zsh:1"],"date":"2021-01-10T16:30:53+1100"}
{"pid":256790,"shlvl":2,"level":"INFO","dir":"/home/goy0","message":"ZPLUG_LOADFILE is not found","trace":["__zplug::log::write::info:2","__zplug::io::file::load:3","/home/goy0/.zplug/init.zsh:33","/home/goy0/.zshrc:6","zsh:0"],"date":"2021-01-10T16:44:19+1100"}
{"pid":256790,"shlvl":2,"level":"INFO","dir":"/home/goy0","message":"turn monitor on","trace":["__zplug::log::write::info:2","__zplug::job::polling::periodic:9","zsh:1"],"date":"2021-01-10T16:44:19+1100"}
{"pid":261015,"shlvl":2,"level":"INFO","dir":"/home/goy0","message":"ZPLUG_LOADFILE is not found","trace":["__zplug::log::write::info:2","__zplug::io::file::load:3","/home/goy0/.zplug/init.zsh:33","/home/goy0/.zshrc:6","zsh:0"],"date":"2021-01-10T16:46:45+1100"}
{"pid":261015,"shlvl":2,"level":"INFO","dir":"/home/goy0","message":"turn monitor on","trace":["__zplug::log::write::info:2","__zplug::job::polling::periodic:9","zsh:1"],"date":"2021-01-10T16:46:45+1100"}
{"pid":270467,"shlvl":1,"level":"INFO","dir":"/home/goy0","message":"ZPLUG_LOADFILE is not found","trace":["__zplug::log::write::info:2","__zplug::io::file::load:3","/home/goy0/.zplug/init.zsh:33","/home/goy0/.zshrc:6","zsh:0"],"date":"2021-01-10T16:52:51+1100"}
{"pid":270467,"shlvl":1,"level":"INFO","dir":"/home/goy0","message":"turn monitor on","trace":["__zplug::log::write::info:2","__zplug::job::polling::periodic:9","zsh:1"],"date":"2021-01-10T16:52:52+1100"}
{"pid":274050,"shlvl":1,"level":"INFO","dir":"/home/goy0","message":"ZPLUG_LOADFILE is not found","trace":["__zplug::log::write::info:2","__zplug::io::file::load:3","/home/goy0/.zplug/init.zsh:33","/home/goy0/.zshrc:6","zsh:0"],"date":"2021-01-10T16:55:02+1100"}
{"pid":274050,"shlvl":1,"level":"INFO","dir":"/home/goy0","message":"turn monitor on","trace":["__zplug::log::write::info:2","__zplug::job::polling::periodic:9","zsh:1"],"date":"2021-01-10T16:55:02+1100"}
{"pid":274244,"shlvl":1,"level":"INFO","dir":"/home/goy0","message":"ZPLUG_LOADFILE is not found","trace":["__zplug::log::write::info:2","__zplug::io::file::load:3","/home/goy0/.zplug/init.zsh:33","/home/goy0/.zshrc:6","zsh:0"],"date":"2021-01-10T16:55:07+1100"}
{"pid":274244,"shlvl":1,"level":"INFO","dir":"/home/goy0","message":"turn monitor on","trace":["__zplug::log::write::info:2","__zplug::job::polling::periodic:9","zsh:1"],"date":"2021-01-10T16:55:07+1100"}
{"pid":274430,"shlvl":1,"level":"INFO","dir":"/home/goy0","message":"ZPLUG_LOADFILE is not found","trace":["__zplug::log::write::info:2","__zplug::io::file::load:3","/home/goy0/.zplug/init.zsh:33","/home/goy0/.zshrc:6","zsh:0"],"date":"2021-01-10T16:55:09+1100"}
{"pid":274430,"shlvl":1,"level":"INFO","dir":"/home/goy0","message":"turn monitor on","trace":["__zplug::log::write::info:2","__zplug::job::polling::periodic:9","zsh:1"],"date":"2021-01-10T16:55:10+1100"}
{"pid":274616,"shlvl":1,"level":"INFO","dir":"/home/goy0","message":"ZPLUG_LOADFILE is not found","trace":["__zplug::log::write::info:2","__zplug::io::file::load:3","/home/goy0/.zplug/init.zsh:33","/home/goy0/.zshrc:6","zsh:0"],"date":"2021-01-10T16:55:14+1100"}
{"pid":274616,"shlvl":1,"level":"INFO","dir":"/home/goy0","message":"turn monitor on","trace":["__zplug::log::write::info:2","__zplug::job::polling::periodic:9","zsh:1"],"date":"2021-01-10T16:55:14+1100"}
{"pid":275313,"shlvl":1,"level":"INFO","dir":"/home/goy0","message":"ZPLUG_LOADFILE is not found","trace":["__zplug::log::write::info:2","__zplug::io::file::load:3","/home/goy0/.zplug/init.zsh:33","/home/goy0/.zshrc:6","zsh:0"],"date":"2021-01-10T16:55:31+1100"}
{"pid":275313,"shlvl":1,"level":"INFO","dir":"/home/goy0","message":"turn monitor on","trace":["__zplug::log::write::info:2","__zplug::job::polling::periodic:9","zsh:1"],"date":"2021-01-10T16:55:31+1100"}
{"pid":283141,"shlvl":1,"level":"INFO","dir":"/home/goy0","message":"ZPLUG_LOADFILE is not found","trace":["__zplug::log::write::info:2","__zplug::io::file::load:3","/home/goy0/.zplug/init.zsh:33","/home/goy0/.zshrc:6","zsh:0"],"date":"2021-01-10T17:07:12+1100"}
{"pid":283141,"shlvl":1,"level":"INFO","dir":"/home/goy0","message":"turn monitor on","trace":["__zplug::log::write::info:2","__zplug::job::polling::periodic:9","zsh:1"],"date":"2021-01-10T17:07:12+1100"}
{"pid":283375,"shlvl":1,"level":"INFO","dir":"/home/goy0","message":"ZPLUG_LOADFILE is not found","trace":["__zplug::log::write::info:2","__zplug::io::file::load:3","/home/goy0/.zplug/init.zsh:33","/home/goy0/.zshrc:6","zsh:0"],"date":"2021-01-10T17:07:30+1100"}
{"pid":283375,"shlvl":1,"level":"INFO","dir":"/home/goy0","message":"turn monitor on","trace":["__zplug::log::write::info:2","__zplug::job::polling::periodic:9","zsh:1"],"date":"2021-01-10T17:07:31+1100"}
{"pid":284031,"shlvl":1,"level":"INFO","dir":"/home/goy0","message":"ZPLUG_LOADFILE is not found","trace":["__zplug::log::write::info:2","__zplug::io::file::load:3","/home/goy0/.zplug/init.zsh:33","/home/goy0/.zshrc:6","zsh:0"],"date":"2021-01-10T17:15:06+1100"}
{"pid":284031,"shlvl":1,"level":"INFO","dir":"/home/goy0","message":"turn monitor on","trace":["__zplug::log::write::info:2","__zplug::job::polling::periodic:9","zsh:1"],"date":"2021-01-10T17:15:06+1100"}
{"pid":284267,"shlvl":1,"level":"INFO","dir":"/home/goy0","message":"ZPLUG_LOADFILE is not found","trace":["__zplug::log::write::info:2","__zplug::io::file::load:3","/home/goy0/.zplug/init.zsh:33","/home/goy0/.zshrc:6","zsh:0"],"date":"2021-01-10T17:15:30+1100"}
{"pid":284267,"shlvl":1,"level":"INFO","dir":"/home/goy0","message":"turn monitor on","trace":["__zplug::log::write::info:2","__zplug::job::polling::periodic:9","zsh:1"],"date":"2021-01-10T17:15:30+1100"}
{"pid":284533,"shlvl":1,"level":"INFO","dir":"/home/goy0","message":"ZPLUG_LOADFILE is not found","trace":["__zplug::log::write::info:2","__zplug::io::file::load:3","/home/goy0/.zplug/init.zsh:33","/home/goy0/.zshrc:6","zsh:0"],"date":"2021-01-10T17:17:24+1100"}
{"pid":284533,"shlvl":1,"level":"INFO","dir":"/home/goy0","message":"turn monitor on","trace":["__zplug::log::write::info:2","__zplug::job::polling::periodic:9","zsh:1"],"date":"2021-01-10T17:17:24+1100"}
{"pid":284808,"shlvl":1,"level":"INFO","dir":"/home/goy0","message":"ZPLUG_LOADFILE is not found","trace":["__zplug::log::write::info:2","__zplug::io::file::load:3","/home/goy0/.zplug/init.zsh:33","/home/goy0/.zshrc:6","zsh:0"],"date":"2021-01-10T17:19:45+1100"}
{"pid":284808,"shlvl":1,"level":"INFO","dir":"/home/goy0","message":"turn monitor on","trace":["__zplug::log::write::info:2","__zplug::job::polling::periodic:9","zsh:1"],"date":"2021-01-10T17:19:45+1100"}
{"pid":285161,"shlvl":1,"level":"INFO","dir":"/home/goy0","message":"ZPLUG_LOADFILE is not found","trace":["__zplug::log::write::info:2","__zplug::io::file::load:3","/home/goy0/.zplug/init.zsh:33","/home/goy0/.zshrc:6","zsh:0"],"date":"2021-01-10T17:20:58+1100"}
{"pid":285161,"shlvl":1,"level":"INFO","dir":"/home/goy0","message":"turn monitor on","trace":["__zplug::log::write::info:2","__zplug::job::polling::periodic:9","zsh:1"],"date":"2021-01-10T17:20:58+1100"}
{"pid":285389,"shlvl":1,"level":"INFO","dir":"/home/goy0","message":"ZPLUG_LOADFILE is not found","trace":["__zplug::log::write::info:2","__zplug::io::file::load:3","/home/goy0/.zplug/init.zsh:33","/home/goy0/.zshrc:6","zsh:0"],"date":"2021-01-10T17:21:41+1100"}
{"pid":285389,"shlvl":1,"level":"INFO","dir":"/home/goy0","message":"turn monitor on","trace":["__zplug::log::write::info:2","__zplug::job::polling::periodic:9","zsh:1"],"date":"2021-01-10T17:21:41+1100"}
{"pid":285738,"shlvl":1,"level":"INFO","dir":"/home/goy0","message":"ZPLUG_LOADFILE is not found","trace":["__zplug::log::write::info:2","__zplug::io::file::load:3","/home/goy0/.zplug/init.zsh:33","/home/goy0/.zshrc:6","zsh:0"],"date":"2021-01-10T17:24:02+1100"}
{"pid":285738,"shlvl":1,"level":"INFO","dir":"/home/goy0","message":"turn monitor on","trace":["__zplug::log::write::info:2","__zplug::job::polling::periodic:9","zsh:1"],"date":"2021-01-10T17:24:02+1100"}
{"pid":285943,"shlvl":1,"level":"INFO","dir":"/home/goy0","message":"ZPLUG_LOADFILE is not found","trace":["__zplug::log::write::info:2","__zplug::io::file::load:3","/home/goy0/.zplug/init.zsh:33","/home/goy0/.zshrc:6","zsh:0"],"date":"2021-01-10T17:24:15+1100"}
{"pid":285943,"shlvl":1,"level":"INFO","dir":"/home/goy0","message":"turn monitor on","trace":["__zplug::log::write::info:2","__zplug::job::polling::periodic:9","zsh:1"],"date":"2021-01-10T17:24:15+1100"}
{"pid":286218,"shlvl":1,"level":"INFO","dir":"/home/goy0","message":"ZPLUG_LOADFILE is not found","trace":["__zplug::log::write::info:2","__zplug::io::file::load:3","/home/goy0/.zplug/init.zsh:33","/home/goy0/.zshrc:6","zsh:0"],"date":"2021-01-10T17:25:22+1100"}
{"pid":286218,"shlvl":1,"level":"INFO","dir":"/home/goy0","message":"turn monitor on","trace":["__zplug::log::write::info:2","__zplug::job::polling::periodic:9","zsh:1"],"date":"2021-01-10T17:25:23+1100"}
{"pid":286471,"shlvl":1,"level":"INFO","dir":"/home/goy0","message":"ZPLUG_LOADFILE is not found","trace":["__zplug::log::write::info:2","__zplug::io::file::load:3","/home/goy0/.zplug/init.zsh:33","/home/goy0/.zshrc:6","zsh:0"],"date":"2021-01-10T17:26:34+1100"}
{"pid":286471,"shlvl":1,"level":"INFO","dir":"/home/goy0","message":"turn monitor on","trace":["__zplug::log::write::info:2","__zplug::job::polling::periodic:9","zsh:1"],"date":"2021-01-10T17:26:34+1100"}
{"pid":286695,"shlvl":1,"level":"INFO","dir":"/home/goy0","message":"ZPLUG_LOADFILE is not found","trace":["__zplug::log::write::info:2","__zplug::io::file::load:3","/home/goy0/.zplug/init.zsh:33","/home/goy0/.zshrc:6","zsh:0"],"date":"2021-01-10T17:26:48+1100"}
{"pid":286695,"shlvl":1,"level":"INFO","dir":"/home/goy0","message":"turn monitor on","trace":["__zplug::log::write::info:2","__zplug::job::polling::periodic:9","zsh:1"],"date":"2021-01-10T17:26:49+1100"}
{"pid":287008,"shlvl":1,"level":"INFO","dir":"/home/goy0","message":"ZPLUG_LOADFILE is not found","trace":["__zplug::log::write::info:2","__zplug::io::file::load:3","/home/goy0/.zplug/init.zsh:33","/home/goy0/.zshrc:6","zsh:0"],"date":"2021-01-10T17:30:05+1100"}
{"pid":287008,"shlvl":1,"level":"INFO","dir":"/home/goy0","message":"turn monitor on","trace":["__zplug::log::write::info:2","__zplug::job::polling::periodic:9","zsh:1"],"date":"2021-01-10T17:30:05+1100"}
{"pid":287297,"shlvl":1,"level":"INFO","dir":"/home/goy0","message":"ZPLUG_LOADFILE is not found","trace":["__zplug::log::write::info:2","__zplug::io::file::load:3","/home/goy0/.zplug/init.zsh:33","/home/goy0/.zshrc:6","zsh:0"],"date":"2021-01-10T17:31:48+1100"}
{"pid":287297,"shlvl":1,"level":"INFO","dir":"/home/goy0","message":"turn monitor on","trace":["__zplug::log::write::info:2","__zplug::job::polling::periodic:9","zsh:1"],"date":"2021-01-10T17:31:49+1100"}
{"pid":287523,"shlvl":1,"level":"INFO","dir":"/home/goy0","message":"ZPLUG_LOADFILE is not found","trace":["__zplug::log::write::info:2","__zplug::io::file::load:3","/home/goy0/.zplug/init.zsh:33","/home/goy0/.zshrc:6","zsh:0"],"date":"2021-01-10T17:32:41+1100"}
{"pid":287523,"shlvl":1,"level":"INFO","dir":"/home/goy0","message":"turn monitor on","trace":["__zplug::log::write::info:2","__zplug::job::polling::periodic:9","zsh:1"],"date":"2021-01-10T17:32:41+1100"}
{"pid":287930,"shlvl":1,"level":"INFO","dir":"/home/goy0","message":"ZPLUG_LOADFILE is not found","trace":["__zplug::log::write::info:2","__zplug::io::file::load:3","/home/goy0/.zplug/init.zsh:33","/home/goy0/.zshrc:6","zsh:0"],"date":"2021-01-10T17:53:18+1100"}
{"pid":287930,"shlvl":1,"level":"INFO","dir":"/home/goy0","message":"turn monitor on","trace":["__zplug::log::write::info:2","__zplug::job::polling::periodic:9","zsh:1"],"date":"2021-01-10T17:53:18+1100"}
{"pid":288186,"shlvl":1,"level":"INFO","dir":"/home/goy0","message":"ZPLUG_LOADFILE is not found","trace":["__zplug::log::write::info:2","__zplug::io::file::load:3","/home/goy0/.zplug/init.zsh:33","/home/goy0/.zshrc:6","zsh:0"],"date":"2021-01-10T17:54:35+1100"}
{"pid":288186,"shlvl":1,"level":"INFO","dir":"/home/goy0","message":"turn monitor on","trace":["__zplug::log::write::info:2","__zplug::job::polling::periodic:9","zsh:1"],"date":"2021-01-10T17:54:35+1100"}
{"pid":288671,"shlvl":1,"level":"INFO","dir":"/home/goy0","message":"ZPLUG_LOADFILE is not found","trace":["__zplug::log::write::info:2","__zplug::io::file::load:3","/home/goy0/.zplug/init.zsh:33","/home/goy0/.zshrc:6","zsh:0"],"date":"2021-01-10T18:10:13+1100"}
{"pid":288671,"shlvl":1,"level":"INFO","dir":"/home/goy0","message":"turn monitor on","trace":["__zplug::log::write::info:2","__zplug::job::polling::periodic:9","zsh:1"],"date":"2021-01-10T18:10:13+1100"}
{"pid":288856,"shlvl":1,"level":"INFO","dir":"/home/goy0","message":"ZPLUG_LOADFILE is not found","trace":["__zplug::log::write::info:2","__zplug::io::file::load:3","/home/goy0/.zplug/init.zsh:33","/home/goy0/.zshrc:6","zsh:0"],"date":"2021-01-10T18:10:14+1100"}
{"pid":288856,"shlvl":1,"level":"INFO","dir":"/home/goy0","message":"turn monitor on","trace":["__zplug::log::write::info:2","__zplug::job::polling::periodic:9","zsh:1"],"date":"2021-01-10T18:10:14+1100"}
{"pid":289112,"shlvl":1,"level":"INFO","dir":"/home/goy0","message":"ZPLUG_LOADFILE is not found","trace":["__zplug::log::write::info:2","__zplug::io::file::load:3","/home/goy0/.zplug/init.zsh:33","/home/goy0/.zshrc:6","zsh:0"],"date":"2021-01-10T18:10:37+1100"}
{"pid":289112,"shlvl":1,"level":"INFO","dir":"/home/goy0","message":"turn monitor on","trace":["__zplug::log::write::info:2","__zplug::job::polling::periodic:9","zsh:1"],"date":"2021-01-10T18:10:38+1100"}
{"pid":289297,"shlvl":1,"level":"INFO","dir":"/home/goy0","message":"ZPLUG_LOADFILE is not found","trace":["__zplug::log::write::info:2","__zplug::io::file::load:3","/home/goy0/.zplug/init.zsh:33","/home/goy0/.zshrc:6","zsh:0"],"date":"2021-01-10T18:10:38+1100"}
{"pid":289297,"shlvl":1,"level":"INFO","dir":"/home/goy0","message":"turn monitor on","trace":["__zplug::log::write::info:2","__zplug::job::polling::periodic:9","zsh:1"],"date":"2021-01-10T18:10:38+1100"}
{"pid":289508,"shlvl":1,"level":"INFO","dir":"/home/goy0","message":"ZPLUG_LOADFILE is not found","trace":["__zplug::log::write::info:2","__zplug::io::file::load:3","/home/goy0/.zplug/init.zsh:33","/home/goy0/.zshrc:6","zsh:0"],"date":"2021-01-10T18:10:56+1100"}
{"pid":289508,"shlvl":1,"level":"INFO","dir":"/home/goy0","message":"turn monitor on","trace":["__zplug::log::write::info:2","__zplug::job::polling::periodic:9","zsh:1"],"date":"2021-01-10T18:10:56+1100"}
{"pid":289693,"shlvl":1,"level":"INFO","dir":"/home/goy0","message":"ZPLUG_LOADFILE is not found","trace":["__zplug::log::write::info:2","__zplug::io::file::load:3","/home/goy0/.zplug/init.zsh:33","/home/goy0/.zshrc:6","zsh:0"],"date":"2021-01-10T18:10:57+1100"}
{"pid":289693,"shlvl":1,"level":"INFO","dir":"/home/goy0","message":"turn monitor on","trace":["__zplug::log::write::info:2","__zplug::job::polling::periodic:9","zsh:1"],"date":"2021-01-10T18:10:57+1100"}
{"pid":289878,"shlvl":1,"level":"INFO","dir":"/home/goy0","message":"ZPLUG_LOADFILE is not found","trace":["__zplug::log::write::info:2","__zplug::io::file::load:3","/home/goy0/.zplug/init.zsh:33","/home/goy0/.zshrc:6","zsh:0"],"date":"2021-01-10T18:10:59+1100"}
{"pid":289878,"shlvl":1,"level":"INFO","dir":"/home/goy0","message":"turn monitor on","trace":["__zplug::log::write::info:2","__zplug::job::polling::periodic:9","zsh:1"],"date":"2021-01-10T18:10:59+1100"}
{"pid":290062,"shlvl":1,"level":"INFO","dir":"/home/goy0","message":"ZPLUG_LOADFILE is not found","trace":["__zplug::log::write::info:2","__zplug::io::file::load:3","/home/goy0/.zplug/init.zsh:33","/home/goy0/.zshrc:6","zsh:0"],"date":"2021-01-10T18:11:00+1100"}
{"pid":290062,"shlvl":1,"level":"INFO","dir":"/home/goy0","message":"turn monitor on","trace":["__zplug::log::write::info:2","__zplug::job::polling::periodic:9","zsh:1"],"date":"2021-01-10T18:11:00+1100"}
{"pid":290267,"shlvl":1,"level":"INFO","dir":"/home/goy0","message":"ZPLUG_LOADFILE is not found","trace":["__zplug::log::write::info:2","__zplug::io::file::load:3","/home/goy0/.zplug/init.zsh:33","/home/goy0/.zshrc:6","zsh:0"],"date":"2021-01-10T18:11:23+1100"}
{"pid":290267,"shlvl":1,"level":"INFO","dir":"/home/goy0","message":"turn monitor on","trace":["__zplug::log::write::info:2","__zplug::job::polling::periodic:9","zsh:1"],"date":"2021-01-10T18:11:23+1100"}
{"pid":290452,"shlvl":1,"level":"INFO","dir":"/home/goy0","message":"ZPLUG_LOADFILE is not found","trace":["__zplug::log::write::info:2","__zplug::io::file::load:3","/home/goy0/.zplug/init.zsh:33","/home/goy0/.zshrc:6","zsh:0"],"date":"2021-01-10T18:11:25+1100"}
{"pid":290452,"shlvl":1,"level":"INFO","dir":"/home/goy0","message":"turn monitor on","trace":["__zplug::log::write::info:2","__zplug::job::polling::periodic:9","zsh:1"],"date":"2021-01-10T18:11:25+1100"}
{"pid":290637,"shlvl":1,"level":"INFO","dir":"/home/goy0","message":"ZPLUG_LOADFILE is not found","trace":["__zplug::log::write::info:2","__zplug::io::file::load:3","/home/goy0/.zplug/init.zsh:33","/home/goy0/.zshrc:6","zsh:0"],"date":"2021-01-10T18:11:27+1100"}
{"pid":290637,"shlvl":1,"level":"INFO","dir":"/home/goy0","message":"turn monitor on","trace":["__zplug::log::write::info:2","__zplug::job::polling::periodic:9","zsh:1"],"date":"2021-01-10T18:11:27+1100"}
{"pid":290821,"shlvl":1,"level":"INFO","dir":"/home/goy0","message":"ZPLUG_LOADFILE is not found","trace":["__zplug::log::write::info:2","__zplug::io::file::load:3","/home/goy0/.zplug/init.zsh:33","/home/goy0/.zshrc:6","zsh:0"],"date":"2021-01-10T18:11:27+1100"}
{"pid":290821,"shlvl":1,"level":"INFO","dir":"/home/goy0","message":"turn monitor on","trace":["__zplug::log::write::info:2","__zplug::job::polling::periodic:9","zsh:1"],"date":"2021-01-10T18:11:28+1100"}
{"pid":291021,"shlvl":1,"level":"INFO","dir":"/home/goy0","message":"ZPLUG_LOADFILE is not found","trace":["__zplug::log::write::info:2","__zplug::io::file::load:3","/home/goy0/.zplug/init.zsh:33","/home/goy0/.zshrc:6","zsh:0"],"date":"2021-01-10T18:11:39+1100"}
{"pid":291021,"shlvl":1,"level":"INFO","dir":"/home/goy0","message":"turn monitor on","trace":["__zplug::log::write::info:2","__zplug::job::polling::periodic:9","zsh:1"],"date":"2021-01-10T18:11:39+1100"}
{"pid":291192,"shlvl":1,"level":"INFO","dir":"/home/goy0","message":"ZPLUG_LOADFILE is not found","trace":["__zplug::log::write::info:2","__zplug::io::file::load:3","/home/goy0/.zplug/init.zsh:33","/home/goy0/.zshrc:6","zsh:0"],"date":"2021-01-10T18:11:39+1100"}
{"pid":291192,"shlvl":1,"level":"INFO","dir":"/home/goy0","message":"turn monitor on","trace":["__zplug::log::write::info:2","__zplug::job::polling::periodic:9","zsh:1"],"date":"2021-01-10T18:11:40+1100"}
{"pid":291390,"shlvl":1,"level":"INFO","dir":"/home/goy0","message":"ZPLUG_LOADFILE is not found","trace":["__zplug::log::write::info:2","__zplug::io::file::load:3","/home/goy0/.zplug/init.zsh:33","/home/goy0/.zshrc:6","zsh:0"],"date":"2021-01-10T18:11:41+1100"}
{"pid":291390,"shlvl":1,"level":"INFO","dir":"/home/goy0","message":"turn monitor on","trace":["__zplug::log::write::info:2","__zplug::job::polling::periodic:9","zsh:1"],"date":"2021-01-10T18:11:41+1100"}
{"pid":291614,"shlvl":1,"level":"INFO","dir":"/home/goy0","message":"ZPLUG_LOADFILE is not found","trace":["__zplug::log::write::info:2","__zplug::io::file::load:3","/home/goy0/.zplug/init.zsh:33","/home/goy0/.zshrc:6","zsh:0"],"date":"2021-01-10T18:12:05+1100"}
{"pid":291614,"shlvl":1,"level":"INFO","dir":"/home/goy0","message":"turn monitor on","trace":["__zplug::log::write::info:2","__zplug::job::polling::periodic:9","zsh:1"],"date":"2021-01-10T18:12:05+1100"}
{"pid":291804,"shlvl":1,"level":"INFO","dir":"/home/goy0","message":"ZPLUG_LOADFILE is not found","trace":["__zplug::log::write::info:2","__zplug::io::file::load:3","/home/goy0/.zplug/init.zsh:33","/home/goy0/.zshrc:6","zsh:0"],"date":"2021-01-10T18:12:07+1100"}
{"pid":291804,"shlvl":1,"level":"INFO","dir":"/home/goy0","message":"turn monitor on","trace":["__zplug::log::write::info:2","__zplug::job::polling::periodic:9","zsh:1"],"date":"2021-01-10T18:12:08+1100"}
{"pid":291976,"shlvl":1,"level":"INFO","dir":"/home/goy0","message":"ZPLUG_LOADFILE is not found","trace":["__zplug::log::write::info:2","__zplug::io::file::load:3","/home/goy0/.zplug/init.zsh:33","/home/goy0/.zshrc:6","zsh:0"],"date":"2021-01-10T18:12:08+1100"}
{"pid":291976,"shlvl":1,"level":"INFO","dir":"/home/goy0","message":"turn monitor on","trace":["__zplug::log::write::info:2","__zplug::job::polling::periodic:9","zsh:1"],"date":"2021-01-10T18:12:08+1100"}
{"pid":292173,"shlvl":1,"level":"INFO","dir":"/home/goy0","message":"ZPLUG_LOADFILE is not found","trace":["__zplug::log::write::info:2","__zplug::io::file::load:3","/home/goy0/.zplug/init.zsh:33","/home/goy0/.zshrc:6","zsh:0"],"date":"2021-01-10T18:12:08+1100"}
{"pid":292173,"shlvl":1,"level":"INFO","dir":"/home/goy0","message":"turn monitor on","trace":["__zplug::log::write::info:2","__zplug::job::polling::periodic:9","zsh:1"],"date":"2021-01-10T18:12:08+1100"}
{"pid":292408,"shlvl":1,"level":"INFO","dir":"/home/goy0","message":"ZPLUG_LOADFILE is not found","trace":["__zplug::log::write::info:2","__zplug::io::file::load:3","/home/goy0/.zplug/init.zsh:33","/home/goy0/.zshrc:6","zsh:0"],"date":"2021-01-10T18:12:37+1100"}
{"pid":292408,"shlvl":1,"level":"INFO","dir":"/home/goy0","message":"turn monitor on","trace":["__zplug::log::write::info:2","__zplug::job::polling::periodic:9","zsh:1"],"date":"2021-01-10T18:12:37+1100"}
{"pid":292593,"shlvl":1,"level":"INFO","dir":"/home/goy0","message":"ZPLUG_LOADFILE is not found","trace":["__zplug::log::write::info:2","__zplug::io::file::load:3","/home/goy0/.zplug/init.zsh:33","/home/goy0/.zshrc:6","zsh:0"],"date":"2021-01-10T18:12:38+1100"}
{"pid":292593,"shlvl":1,"level":"INFO","dir":"/home/goy0","message":"turn monitor on","trace":["__zplug::log::write::info:2","__zplug::job::polling::periodic:9","zsh:1"],"date":"2021-01-10T18:12:38+1100"}
{"pid":292778,"shlvl":1,"level":"INFO","dir":"/home/goy0","message":"ZPLUG_LOADFILE is not found","trace":["__zplug::log::write::info:2","__zplug::io::file::load:3","/home/goy0/.zplug/init.zsh:33","/home/goy0/.zshrc:6","zsh:0"],"date":"2021-01-10T18:12:38+1100"}
{"pid":292778,"shlvl":1,"level":"INFO","dir":"/home/goy0","message":"turn monitor on","trace":["__zplug::log::write::info:2","__zplug::job::polling::periodic:9","zsh:1"],"date":"2021-01-10T18:12:39+1100"}
{"pid":292986,"shlvl":1,"level":"INFO","dir":"/home/goy0","message":"ZPLUG_LOADFILE is not found","trace":["__zplug::log::write::info:2","__zplug::io::file::load:3","/home/goy0/.zplug/init.zsh:33","/home/goy0/.zshrc:6","zsh:0"],"date":"2021-01-10T18:12:53+1100"}
{"pid":292986,"shlvl":1,"level":"INFO","dir":"/home/goy0","message":"turn monitor on","trace":["__zplug::log::write::info:2","__zplug::job::polling::periodic:9","zsh:1"],"date":"2021-01-10T18:12:53+1100"}
{"pid":293172,"shlvl":1,"level":"INFO","dir":"/home/goy0","message":"ZPLUG_LOADFILE is not found","trace":["__zplug::log::write::info:2","__zplug::io::file::load:3","/home/goy0/.zplug/init.zsh:33","/home/goy0/.zshrc:6","zsh:0"],"date":"2021-01-10T18:12:53+1100"}
{"pid":293172,"shlvl":1,"level":"INFO","dir":"/home/goy0","message":"turn monitor on","trace":["__zplug::log::write::info:2","__zplug::job::polling::periodic:9","zsh:1"],"date":"2021-01-10T18:12:53+1100"}
{"pid":293357,"shlvl":1,"level":"INFO","dir":"/home/goy0","message":"ZPLUG_LOADFILE is not found","trace":["__zplug::log::write::info:2","__zplug::io::file::load:3","/home/goy0/.zplug/init.zsh:33","/home/goy0/.zshrc:6","zsh:0"],"date":"2021-01-10T18:12:54+1100"}
{"pid":293357,"shlvl":1,"level":"INFO","dir":"/home/goy0","message":"turn monitor on","trace":["__zplug::log::write::info:2","__zplug::job::polling::periodic:9","zsh:1"],"date":"2021-01-10T18:12:54+1100"}
{"pid":293541,"shlvl":1,"level":"INFO","dir":"/home/goy0","message":"ZPLUG_LOADFILE is not found","trace":["__zplug::log::write::info:2","__zplug::io::file::load:3","/home/goy0/.zplug/init.zsh:33","/home/goy0/.zshrc:6","zsh:0"],"date":"2021-01-10T18:12:54+1100"}
{"pid":293541,"shlvl":1,"level":"INFO","dir":"/home/goy0","message":"turn monitor on","trace":["__zplug::log::write::info:2","__zplug::job::polling::periodic:9","zsh:1"],"date":"2021-01-10T18:12:54+1100"}
{"pid":293747,"shlvl":1,"level":"INFO","dir":"/home/goy0","message":"ZPLUG_LOADFILE is not found","trace":["__zplug::log::write::info:2","__zplug::io::file::load:3","/home/goy0/.zplug/init.zsh:33","/home/goy0/.zshrc:6","zsh:0"],"date":"2021-01-10T18:13:15+1100"}
{"pid":293747,"shlvl":1,"level":"INFO","dir":"/home/goy0","message":"turn monitor on","trace":["__zplug::log::write::info:2","__zplug::job::polling::periodic:9","zsh:1"],"date":"2021-01-10T18:13:15+1100"}
{"pid":293932,"shlvl":1,"level":"INFO","dir":"/home/goy0","message":"ZPLUG_LOADFILE is not found","trace":["__zplug::log::write::info:2","__zplug::io::file::load:3","/home/goy0/.zplug/init.zsh:33","/home/goy0/.zshrc:6","zsh:0"],"date":"2021-01-10T18:13:16+1100"}
{"pid":293932,"shlvl":1,"level":"INFO","dir":"/home/goy0","message":"turn monitor on","trace":["__zplug::log::write::info:2","__zplug::job::polling::periodic:9","zsh:1"],"date":"2021-01-10T18:13:16+1100"}
{"pid":294117,"shlvl":1,"level":"INFO","dir":"/home/goy0","message":"ZPLUG_LOADFILE is not found","trace":["__zplug::log::write::info:2","__zplug::io::file::load:3","/home/goy0/.zplug/init.zsh:33","/home/goy0/.zshrc:6","zsh:0"],"date":"2021-01-10T18:13:16+1100"}
{"pid":294117,"shlvl":1,"level":"INFO","dir":"/home/goy0","message":"turn monitor on","trace":["__zplug::log::write::info:2","__zplug::job::polling::periodic:9","zsh:1"],"date":"2021-01-10T18:13:17+1100"}
{"pid":294364,"shlvl":1,"level":"INFO","dir":"/home/goy0","message":"ZPLUG_LOADFILE is not found","trace":["__zplug::log::write::info:2","__zplug::io::file::load:3","/home/goy0/.zplug/init.zsh:33","/home/goy0/.zshrc:6","zsh:0"],"date":"2021-01-10T18:14:38+1100"}
{"pid":294364,"shlvl":1,"level":"INFO","dir":"/home/goy0","message":"turn monitor on","trace":["__zplug::log::write::info:2","__zplug::job::polling::periodic:9","zsh:1"],"date":"2021-01-10T18:14:38+1100"}
{"pid":294549,"shlvl":1,"level":"INFO","dir":"/home/goy0","message":"ZPLUG_LOADFILE is not found","trace":["__zplug::log::write::info:2","__zplug::io::file::load:3","/home/goy0/.zplug/init.zsh:33","/home/goy0/.zshrc:6","zsh:0"],"date":"2021-01-10T18:14:38+1100"}
{"pid":294549,"shlvl":1,"level":"INFO","dir":"/home/goy0","message":"turn monitor on","trace":["__zplug::log::write::info:2","__zplug::job::polling::periodic:9","zsh:1"],"date":"2021-01-10T18:14:39+1100"}
{"pid":294734,"shlvl":1,"level":"INFO","dir":"/home/goy0","message":"ZPLUG_LOADFILE is not found","trace":["__zplug::log::write::info:2","__zplug::io::file::load:3","/home/goy0/.zplug/init.zsh:33","/home/goy0/.zshrc:6","zsh:0"],"date":"2021-01-10T18:14:40+1100"}
{"pid":294734,"shlvl":1,"level":"INFO","dir":"/home/goy0","message":"turn monitor on","trace":["__zplug::log::write::info:2","__zplug::job::polling::periodic:9","zsh:1"],"date":"2021-01-10T18:14:40+1100"}
{"pid":294958,"shlvl":1,"level":"INFO","dir":"/home/goy0","message":"ZPLUG_LOADFILE is not found","trace":["__zplug::log::write::info:2","__zplug::io::file::load:3","/home/goy0/.zplug/init.zsh:33","/home/goy0/.zshrc:6","zsh:0"],"date":"2021-01-10T18:15:24+1100"}
{"pid":294958,"shlvl":1,"level":"INFO","dir":"/home/goy0","message":"turn monitor on","trace":["__zplug::log::write::info:2","__zplug::job::polling::periodic:9","zsh:1"],"date":"2021-01-10T18:15:24+1100"}
{"pid":295143,"shlvl":1,"level":"INFO","dir":"/home/goy0","message":"ZPLUG_LOADFILE is not found","trace":["__zplug::log::write::info:2","__zplug::io::file::load:3","/home/goy0/.zplug/init.zsh:33","/home/goy0/.zshrc:6","zsh:0"],"date":"2021-01-10T18:15:24+1100"}
{"pid":295143,"shlvl":1,"level":"INFO","dir":"/home/goy0","message":"turn monitor on","trace":["__zplug::log::write::info:2","__zplug::job::polling::periodic:9","zsh:1"],"date":"2021-01-10T18:15:25+1100"}
{"pid":295328,"shlvl":1,"level":"INFO","dir":"/home/goy0","message":"ZPLUG_LOADFILE is not found","trace":["__zplug::log::write::info:2","__zplug::io::file::load:3","/home/goy0/.zplug/init.zsh:33","/home/goy0/.zshrc:6","zsh:0"],"date":"2021-01-10T18:15:25+1100"}
{"pid":295328,"shlvl":1,"level":"INFO","dir":"/home/goy0","message":"turn monitor on","trace":["__zplug::log::write::info:2","__zplug::job::polling::periodic:9","zsh:1"],"date":"2021-01-10T18:15:26+1100"}
{"pid":295534,"shlvl":1,"level":"INFO","dir":"/home/goy0","message":"ZPLUG_LOADFILE is not found","trace":["__zplug::log::write::info:2","__zplug::io::file::load:3","/home/goy0/.zplug/init.zsh:33","/home/goy0/.zshrc:6","zsh:0"],"date":"2021-01-10T18:15:37+1100"}
{"pid":295534,"shlvl":1,"level":"INFO","dir":"/home/goy0","message":"turn monitor on","trace":["__zplug::log::write::info:2","__zplug::job::polling::periodic:9","zsh:1"],"date":"2021-01-10T18:15:37+1100"}
{"pid":295706,"shlvl":1,"level":"INFO","dir":"/home/goy0","message":"ZPLUG_LOADFILE is not found","trace":["__zplug::log::write::info:2","__zplug::io::file::load:3","/home/goy0/.zplug/init.zsh:33","/home/goy0/.zshrc:6","zsh:0"],"date":"2021-01-10T18:15:37+1100"}
{"pid":295706,"shlvl":1,"level":"INFO","dir":"/home/goy0","message":"turn monitor on","trace":["__zplug::log::write::info:2","__zplug::job::polling::periodic:9","zsh:1"],"date":"2021-01-10T18:15:38+1100"}
{"pid":295903,"shlvl":1,"level":"INFO","dir":"/home/goy0","message":"ZPLUG_LOADFILE is not found","trace":["__zplug::log::write::info:2","__zplug::io::file::load:3","/home/goy0/.zplug/init.zsh:33","/home/goy0/.zshrc:6","zsh:0"],"date":"2021-01-10T18:15:38+1100"}
{"pid":295903,"shlvl":1,"level":"INFO","dir":"/home/goy0","message":"turn monitor on","trace":["__zplug::log::write::info:2","__zplug::job::polling::periodic:9","zsh:1"],"date":"2021-01-10T18:15:38+1100"}
{"pid":296087,"shlvl":1,"level":"INFO","dir":"/home/goy0","message":"ZPLUG_LOADFILE is not found","trace":["__zplug::log::write::info:2","__zplug::io::file::load:3","/home/goy0/.zplug/init.zsh:33","/home/goy0/.zshrc:6","zsh:0"],"date":"2021-01-10T18:15:39+1100"}
{"pid":296087,"shlvl":1,"level":"INFO","dir":"/home/goy0","message":"turn monitor on","trace":["__zplug::log::write::info:2","__zplug::job::polling::periodic:9","zsh:1"],"date":"2021-01-10T18:15:39+1100"}
{"pid":296322,"shlvl":1,"level":"INFO","dir":"/home/goy0","message":"ZPLUG_LOADFILE is not found","trace":["__zplug::log::write::info:2","__zplug::io::file::load:3","/home/goy0/.zplug/init.zsh:33","/home/goy0/.zshrc:6","zsh:0"],"date":"2021-01-10T18:16:06+1100"}
{"pid":296322,"shlvl":1,"level":"INFO","dir":"/home/goy0","message":"turn monitor on","trace":["__zplug::log::write::info:2","__zplug::job::polling::periodic:9","zsh:1"],"date":"2021-01-10T18:16:07+1100"}
{"pid":296507,"shlvl":1,"level":"INFO","dir":"/home/goy0","message":"ZPLUG_LOADFILE is not found","trace":["__zplug::log::write::info:2","__zplug::io::file::load:3","/home/goy0/.zplug/init.zsh:33","/home/goy0/.zshrc:6","zsh:0"],"date":"2021-01-10T18:16:07+1100"}
{"pid":296507,"shlvl":1,"level":"INFO","dir":"/home/goy0","message":"turn monitor on","trace":["__zplug::log::write::info:2","__zplug::job::polling::periodic:9","zsh:1"],"date":"2021-01-10T18:16:07+1100"}
{"pid":296692,"shlvl":1,"level":"INFO","dir":"/home/goy0","message":"ZPLUG_LOADFILE is not found","trace":["__zplug::log::write::info:2","__zplug::io::file::load:3","/home/goy0/.zplug/init.zsh:33","/home/goy0/.zshrc:6","zsh:0"],"date":"2021-01-10T18:16:07+1100"}
{"pid":296692,"shlvl":1,"level":"INFO","dir":"/home/goy0","message":"turn monitor on","trace":["__zplug::log::write::info:2","__zplug::job::polling::periodic:9","zsh:1"],"date":"2021-01-10T18:16:07+1100"}
{"pid":296876,"shlvl":1,"level":"INFO","dir":"/home/goy0","message":"ZPLUG_LOADFILE is not found","trace":["__zplug::log::write::info:2","__zplug::io::file::load:3","/home/goy0/.zplug/init.zsh:33","/home/goy0/.zshrc:6","zsh:0"],"date":"2021-01-10T18:16:08+1100"}
{"pid":296876,"shlvl":1,"level":"INFO","dir":"/home/goy0","message":"turn monitor on","trace":["__zplug::log::write::info:2","__zplug::job::polling::periodic:9","zsh:1"],"date":"2021-01-10T18:16:08+1100"}
{"pid":297093,"shlvl":1,"level":"INFO","dir":"/home/goy0","message":"ZPLUG_LOADFILE is not found","trace":["__zplug::log::write::info:2","__zplug::io::file::load:3","/home/goy0/.zplug/init.zsh:33","/home/goy0/.zshrc:6","zsh:0"],"date":"2021-01-10T18:16:45+1100"}
{"pid":297093,"shlvl":1,"level":"INFO","dir":"/home/goy0","message":"turn monitor on","trace":["__zplug::log::write::info:2","__zplug::job::polling::periodic:9","zsh:1"],"date":"2021-01-10T18:16:45+1100"}
{"pid":297272,"shlvl":1,"level":"INFO","dir":"/home/goy0","message":"ZPLUG_LOADFILE is not found","trace":["__zplug::log::write::info:2","__zplug::io::file::load:3","/home/goy0/.zplug/init.zsh:33","/home/goy0/.zshrc:6","zsh:0"],"date":"2021-01-10T18:16:45+1100"}
{"pid":297272,"shlvl":1,"level":"INFO","dir":"/home/goy0","message":"turn monitor on","trace":["__zplug::log::write::info:2","__zplug::job::polling::periodic:9","zsh:1"],"date":"2021-01-10T18:16:46+1100"}
{"pid":297462,"shlvl":1,"level":"INFO","dir":"/home/goy0","message":"ZPLUG_LOADFILE is not found","trace":["__zplug::log::write::info:2","__zplug::io::file::load:3","/home/goy0/.zplug/init.zsh:33","/home/goy0/.zshrc:6","zsh:0"],"date":"2021-01-10T18:16:46+1100"}
{"pid":297462,"shlvl":1,"level":"INFO","dir":"/home/goy0","message":"turn monitor on","trace":["__zplug::log::write::info:2","__zplug::job::polling::periodic:9","zsh:1"],"date":"2021-01-10T18:16:46+1100"}
{"pid":297769,"shlvl":1,"level":"INFO","dir":"/home/goy0","message":"ZPLUG_LOADFILE is not found","trace":["__zplug::log::write::info:2","__zplug::io::file::load:3","/home/goy0/.zplug/init.zsh:33","/home/goy0/.zshrc:6","zsh:0"],"date":"2021-01-10T18:18:43+1100"}
{"pid":297769,"shlvl":1,"level":"INFO","dir":"/home/goy0","message":"turn monitor on","trace":["__zplug::log::write::info:2","__zplug::job::polling::periodic:9","zsh:1"],"date":"2021-01-10T18:18:43+1100"}
{"pid":297954,"shlvl":1,"level":"INFO","dir":"/home/goy0","message":"ZPLUG_LOADFILE is not found","trace":["__zplug::log::write::info:2","__zplug::io::file::load:3","/home/goy0/.zplug/init.zsh:33","/home/goy0/.zshrc:6","zsh:0"],"date":"2021-01-10T18:18:43+1100"}
{"pid":297954,"shlvl":1,"level":"INFO","dir":"/home/goy0","message":"turn monitor on","trace":["__zplug::log::write::info:2","__zplug::job::polling::periodic:9","zsh:1"],"date":"2021-01-10T18:18:44+1100"}
{"pid":298139,"shlvl":1,"level":"INFO","dir":"/home/goy0","message":"ZPLUG_LOADFILE is not found","trace":["__zplug::log::write::info:2","__zplug::io::file::load:3","/home/goy0/.zplug/init.zsh:33","/home/goy0/.zshrc:6","zsh:0"],"date":"2021-01-10T18:18:45+1100"}
{"pid":298139,"shlvl":1,"level":"INFO","dir":"/home/goy0","message":"turn monitor on","trace":["__zplug::log::write::info:2","__zplug::job::polling::periodic:9","zsh:1"],"date":"2021-01-10T18:18:45+1100"}
{"pid":298323,"shlvl":1,"level":"INFO","dir":"/home/goy0","message":"ZPLUG_LOADFILE is not found","trace":["__zplug::log::write::info:2","__zplug::io::file::load:3","/home/goy0/.zplug/init.zsh:33","/home/goy0/.zshrc:6","zsh:0"],"date":"2021-01-10T18:18:45+1100"}
{"pid":298323,"shlvl":1,"level":"INFO","dir":"/home/goy0","message":"turn monitor on","trace":["__zplug::log::write::info:2","__zplug::job::polling::periodic:9","zsh:1"],"date":"2021-01-10T18:18:45+1100"}
{"pid":298582,"shlvl":1,"level":"INFO","dir":"/home/goy0","message":"ZPLUG_LOADFILE is not found","trace":["__zplug::log::write::info:2","__zplug::io::file::load:3","/home/goy0/.zplug/init.zsh:33","/home/goy0/.zshrc:6","zsh:0"],"date":"2021-01-10T18:20:15+1100"}
{"pid":298582,"shlvl":1,"level":"INFO","dir":"/home/goy0","message":"turn monitor on","trace":["__zplug::log::write::info:2","__zplug::job::polling::periodic:9","zsh:1"],"date":"2021-01-10T18:20:15+1100"}
{"pid":298757,"shlvl":1,"level":"INFO","dir":"/home/goy0","message":"ZPLUG_LOADFILE is not found","trace":["__zplug::log::write::info:2","__zplug::io::file::load:3","/home/goy0/.zplug/init.zsh:33","/home/goy0/.zshrc:6","zsh:0"],"date":"2021-01-10T18:20:16+1100"}
{"pid":298757,"shlvl":1,"level":"INFO","dir":"/home/goy0","message":"turn monitor on","trace":["__zplug::log::write::info:2","__zplug::job::polling::periodic:9","zsh:1"],"date":"2021-01-10T18:20:16+1100"}
{"pid":298951,"shlvl":1,"level":"INFO","dir":"/home/goy0","message":"ZPLUG_LOADFILE is not found","trace":["__zplug::log::write::info:2","__zplug::io::file::load:3","/home/goy0/.zplug/init.zsh:33","/home/goy0/.zshrc:6","zsh:0"],"date":"2021-01-10T18:20:16+1100"}
{"pid":298951,"shlvl":1,"level":"INFO","dir":"/home/goy0","message":"turn monitor on","trace":["__zplug::log::write::info:2","__zplug::job::polling::periodic:9","zsh:1"],"date":"2021-01-10T18:20:16+1100"}
{"pid":299158,"shlvl":1,"level":"INFO","dir":"/home/goy0","message":"ZPLUG_LOADFILE is not found","trace":["__zplug::log::write::info:2","__zplug::io::file::load:3","/home/goy0/.zplug/init.zsh:33","/home/goy0/.zshrc:6","zsh:0"],"date":"2021-01-10T18:20:55+1100"}
{"pid":299158,"shlvl":1,"level":"INFO","dir":"/home/goy0","message":"turn monitor on","trace":["__zplug::log::write::info:2","__zplug::job::polling::periodic:9","zsh:1"],"date":"2021-01-10T18:20:56+1100"}
{"pid":299342,"shlvl":1,"level":"INFO","dir":"/home/goy0","message":"ZPLUG_LOADFILE is not found","trace":["__zplug::log::write::info:2","__zplug::io::file::load:3","/home/goy0/.zplug/init.zsh:33","/home/goy0/.zshrc:6","zsh:0"],"date":"2021-01-10T18:20:56+1100"}
{"pid":299342,"shlvl":1,"level":"INFO","dir":"/home/goy0","message":"turn monitor on","trace":["__zplug::log::write::info:2","__zplug::job::polling::periodic:9","zsh:1"],"date":"2021-01-10T18:20:56+1100"}
{"pid":299564,"shlvl":1,"level":"INFO","dir":"/home/goy0","message":"ZPLUG_LOADFILE is not found","trace":["__zplug::log::write::info:2","__zplug::io::file::load:3","/home/goy0/.zplug/init.zsh:33","/home/goy0/.zshrc:6","zsh:0"],"date":"2021-01-10T18:21:15+1100"}
{"pid":299564,"shlvl":1,"level":"INFO","dir":"/home/goy0","message":"turn monitor on","trace":["__zplug::log::write::info:2","__zplug::job::polling::periodic:9","zsh:1"],"date":"2021-01-10T18:21:15+1100"}
{"pid":299761,"shlvl":1,"level":"INFO","dir":"/home/goy0","message":"ZPLUG_LOADFILE is not found","trace":["__zplug::log::write::info:2","__zplug::io::file::load:3","/home/goy0/.zplug/init.zsh:33","/home/goy0/.zshrc:6","zsh:0"],"date":"2021-01-10T18:21:35+1100"}
{"pid":299761,"shlvl":1,"level":"INFO","dir":"/home/goy0","message":"turn monitor on","trace":["__zplug::log::write::info:2","__zplug::job::polling::periodic:9","zsh:1"],"date":"2021-01-10T18:21:36+1100"}
{"pid":300017,"shlvl":1,"level":"INFO","dir":"/home/goy0","message":"ZPLUG_LOADFILE is not found","trace":["__zplug::log::write::info:2","__zplug::io::file::load:3","/home/goy0/.zplug/init.zsh:33","/home/goy0/.zshrc:6","zsh:0"],"date":"2021-01-10T18:23:23+1100"}
{"pid":300017,"shlvl":1,"level":"INFO","dir":"/home/goy0","message":"turn monitor on","trace":["__zplug::log::write::info:2","__zplug::job::polling::periodic:9","zsh:1"],"date":"2021-01-10T18:23:24+1100"}
{"pid":300236,"shlvl":1,"level":"INFO","dir":"/home/goy0","message":"ZPLUG_LOADFILE is not found","trace":["__zplug::log::write::info:2","__zplug::io::file::load:3","/home/goy0/.zplug/init.zsh:33","/home/goy0/.zshrc:6","zsh:0"],"date":"2021-01-10T18:23:36+1100"}
{"pid":300236,"shlvl":1,"level":"INFO","dir":"/home/goy0","message":"turn monitor on","trace":["__zplug::log::write::info:2","__zplug::job::polling::periodic:9","zsh:1"],"date":"2021-01-10T18:23:36+1100"}
{"pid":300421,"shlvl":1,"level":"INFO","dir":"/home/goy0","message":"ZPLUG_LOADFILE is not found","trace":["__zplug::log::write::info:2","__zplug::io::file::load:3","/home/goy0/.zplug/init.zsh:33","/home/goy0/.zshrc:6","zsh:0"],"date":"2021-01-10T18:23:38+1100"}
{"pid":300421,"shlvl":1,"level":"INFO","dir":"/home/goy0","message":"turn monitor on","trace":["__zplug::log::write::info:2","__zplug::job::polling::periodic:9","zsh:1"],"date":"2021-01-10T18:23:38+1100"}
{"pid":300651,"shlvl":1,"level":"INFO","dir":"/home/goy0","message":"ZPLUG_LOADFILE is not found","trace":["__zplug::log::write::info:2","__zplug::io::file::load:3","/home/goy0/.zplug/init.zsh:33","/home/goy0/.zshrc:6","zsh:0"],"date":"2021-01-10T18:25:39+1100"}
{"pid":300651,"shlvl":1,"level":"INFO","dir":"/home/goy0","message":"turn monitor on","trace":["__zplug::log::write::info:2","__zplug::job::polling::periodic:9","zsh:1"],"date":"2021-01-10T18:25:39+1100"}
{"pid":300836,"shlvl":1,"level":"INFO","dir":"/home/goy0","message":"ZPLUG_LOADFILE is not found","trace":["__zplug::log::write::info:2","__zplug::io::file::load:3","/home/goy0/.zplug/init.zsh:33","/home/goy0/.zshrc:6","zsh:0"],"date":"2021-01-10T18:25:39+1100"}
{"pid":300836,"shlvl":1,"level":"INFO","dir":"/home/goy0","message":"turn monitor on","trace":["__zplug::log::write::info:2","__zplug::job::polling::periodic:9","zsh:1"],"date":"2021-01-10T18:25:40+1100"}
{"pid":301022,"shlvl":1,"level":"INFO","dir":"/home/goy0","message":"ZPLUG_LOADFILE is not found","trace":["__zplug::log::write::info:2","__zplug::io::file::load:3","/home/goy0/.zplug/init.zsh:33","/home/goy0/.zshrc:6","zsh:0"],"date":"2021-01-10T18:25:43+1100"}
{"pid":301022,"shlvl":1,"level":"INFO","dir":"/home/goy0","message":"turn monitor on","trace":["__zplug::log::write::info:2","__zplug::job::polling::periodic:9","zsh:1"],"date":"2021-01-10T18:25:43+1100"}
{"pid":301264,"shlvl":1,"level":"INFO","dir":"/home/goy0","message":"ZPLUG_LOADFILE is not found","trace":["__zplug::log::write::info:2","__zplug::io::file::load:3","/home/goy0/.zplug/init.zsh:33","/home/goy0/.zshrc:6","zsh:0"],"date":"2021-01-10T18:26:21+1100"}
{"pid":301264,"shlvl":1,"level":"INFO","dir":"/home/goy0","message":"turn monitor on","trace":["__zplug::log::write::info:2","__zplug::job::polling::periodic:9","zsh:1"],"date":"2021-01-10T18:26:22+1100"}
{"pid":301450,"shlvl":1,"level":"INFO","dir":"/home/goy0","message":"ZPLUG_LOADFILE is not found","trace":["__zplug::log::write::info:2","__zplug::io::file::load:3","/home/goy0/.zplug/init.zsh:33","/home/goy0/.zshrc:6","zsh:0"],"date":"2021-01-10T18:26:22+1100"}
{"pid":301450,"shlvl":1,"level":"INFO","dir":"/home/goy0","message":"turn monitor on","trace":["__zplug::log::write::info:2","__zplug::job::polling::periodic:9","zsh:1"],"date":"2021-01-10T18:26:23+1100"}
{"pid":301660,"shlvl":1,"level":"INFO","dir":"/home/goy0","message":"ZPLUG_LOADFILE is not found","trace":["__zplug::log::write::info:2","__zplug::io::file::load:3","/home/goy0/.zplug/init.zsh:33","/home/goy0/.zshrc:6","zsh:0"],"date":"2021-01-10T18:26:40+1100"}
{"pid":301660,"shlvl":1,"level":"INFO","dir":"/home/goy0","message":"turn monitor on","trace":["__zplug::log::write::info:2","__zplug::job::polling::periodic:9","zsh:1"],"date":"2021-01-10T18:26:40+1100"}
{"pid":301845,"shlvl":1,"level":"INFO","dir":"/home/goy0","message":"ZPLUG_LOADFILE is not found","trace":["__zplug::log::write::info:2","__zplug::io::file::load:3","/home/goy0/.zplug/init.zsh:33","/home/goy0/.zshrc:6","zsh:0"],"date":"2021-01-10T18:26:41+1100"}
{"pid":301845,"shlvl":1,"level":"INFO","dir":"/home/goy0","message":"turn monitor on","trace":["__zplug::log::write::info:2","__zplug::job::polling::periodic:9","zsh:1"],"date":"2021-01-10T18:26:41+1100"}
{"pid":302063,"shlvl":1,"level":"INFO","dir":"/home/goy0","message":"ZPLUG_LOADFILE is not found","trace":["__zplug::log::write::info:2","__zplug::io::file::load:3","/home/goy0/.zplug/init.zsh:33","/home/goy0/.zshrc:6","zsh:0"],"date":"2021-01-10T18:27:41+1100"}
{"pid":302063,"shlvl":1,"level":"INFO","dir":"/home/goy0","message":"turn monitor on","trace":["__zplug::log::write::info:2","__zplug::job::polling::periodic:9","zsh:1"],"date":"2021-01-10T18:27:42+1100"}
{"pid":302259,"shlvl":1,"level":"INFO","dir":"/home/goy0","message":"ZPLUG_LOADFILE is not found","trace":["__zplug::log::write::info:2","__zplug::io::file::load:3","/home/goy0/.zplug/init.zsh:33","/home/goy0/.zshrc:6","zsh:0"],"date":"2021-01-10T18:27:45+1100"}
{"pid":302259,"shlvl":1,"level":"INFO","dir":"/home/goy0","message":"turn monitor on","trace":["__zplug::log::write::info:2","__zplug::job::polling::periodic:9","zsh:1"],"date":"2021-01-10T18:27:45+1100"}
{"pid":302494,"shlvl":1,"level":"INFO","dir":"/home/goy0","message":"ZPLUG_LOADFILE is not found","trace":["__zplug::log::write::info:2","__zplug::io::file::load:3","/home/goy0/.zplug/init.zsh:33","/home/goy0/.zshrc:6","zsh:0"],"date":"2021-01-10T18:28:48+1100"}
{"pid":302494,"shlvl":1,"level":"INFO","dir":"/home/goy0","message":"turn monitor on","trace":["__zplug::log::write::info:2","__zplug::job::polling::periodic:9","zsh:1"],"date":"2021-01-10T18:28:48+1100"}
{"pid":302679,"shlvl":1,"level":"INFO","dir":"/home/goy0","message":"ZPLUG_LOADFILE is not found","trace":["__zplug::log::write::info:2","__zplug::io::file::load:3","/home/goy0/.zplug/init.zsh:33","/home/goy0/.zshrc:6","zsh:0"],"date":"2021-01-10T18:28:48+1100"}
{"pid":302679,"shlvl":1,"level":"INFO","dir":"/home/goy0","message":"turn monitor on","trace":["__zplug::log::write::info:2","__zplug::job::polling::periodic:9","zsh:1"],"date":"2021-01-10T18:28:49+1100"}
{"pid":302869,"shlvl":1,"level":"INFO","dir":"/home/goy0","message":"ZPLUG_LOADFILE is not found","trace":["__zplug::log::write::info:2","__zplug::io::file::load:3","/home/goy0/.zplug/init.zsh:33","/home/goy0/.zshrc:6","zsh:0"],"date":"2021-01-10T18:29:05+1100"}
{"pid":302869,"shlvl":1,"level":"INFO","dir":"/home/goy0","message":"turn monitor on","trace":["__zplug::log::write::info:2","__zplug::job::polling::periodic:9","zsh:1"],"date":"2021-01-10T18:29:05+1100"}
{"pid":303228,"shlvl":1,"level":"INFO","dir":"/home/goy0","message":"ZPLUG_LOADFILE is not found","trace":["__zplug::log::write::info:2","__zplug::io::file::load:3","/home/goy0/.zplug/init.zsh:33","/home/goy0/.zshrc:6","zsh:0"],"date":"2021-01-10T18:36:38+1100"}
{"pid":303228,"shlvl":1,"level":"INFO","dir":"/home/goy0","message":"turn monitor on","trace":["__zplug::log::write::info:2","__zplug::job::polling::periodic:9","zsh:1"],"date":"2021-01-10T18:36:38+1100"}
{"pid":303412,"shlvl":1,"level":"INFO","dir":"/home/goy0","message":"ZPLUG_LOADFILE is not found","trace":["__zplug::log::write::info:2","__zplug::io::file::load:3","/home/goy0/.zplug/init.zsh:33","/home/goy0/.zshrc:6","zsh:0"],"date":"2021-01-10T18:36:39+1100"}
{"pid":303412,"shlvl":1,"level":"INFO","dir":"/home/goy0","message":"turn monitor on","trace":["__zplug::log::write::info:2","__zplug::job::polling::periodic:9","zsh:1"],"date":"2021-01-10T18:36:39+1100"}
{"pid":303597,"shlvl":1,"level":"INFO","dir":"/home/goy0","message":"ZPLUG_LOADFILE is not found","trace":["__zplug::log::write::info:2","__zplug::io::file::load:3","/home/goy0/.zplug/init.zsh:33","/home/goy0/.zshrc:6","zsh:0"],"date":"2021-01-10T18:36:39+1100"}
{"pid":303597,"shlvl":1,"level":"INFO","dir":"/home/goy0","message":"turn monitor on","trace":["__zplug::log::write::info:2","__zplug::job::polling::periodic:9","zsh:1"],"date":"2021-01-10T18:36:40+1100"}
{"pid":303796,"shlvl":1,"level":"INFO","dir":"/home/goy0","message":"ZPLUG_LOADFILE is not found","trace":["__zplug::log::write::info:2","__zplug::io::file::load:3","/home/goy0/.zplug/init.zsh:33","/home/goy0/.zshrc:6","zsh:0"],"date":"2021-01-10T18:36:48+1100"}
{"pid":303796,"shlvl":1,"level":"INFO","dir":"/home/goy0","message":"turn monitor on","trace":["__zplug::log::write::info:2","__zplug::job::polling::periodic:9","zsh:1"],"date":"2021-01-10T18:36:48+1100"}
{"pid":303981,"shlvl":1,"level":"INFO","dir":"/home/goy0","message":"ZPLUG_LOADFILE is not found","trace":["__zplug::log::write::info:2","__zplug::io::file::load:3","/home/goy0/.zplug/init.zsh:33","/home/goy0/.zshrc:6","zsh:0"],"date":"2021-01-10T18:36:49+1100"}
{"pid":303981,"shlvl":1,"level":"INFO","dir":"/home/goy0","message":"turn monitor on","trace":["__zplug::log::write::info:2","__zplug::job::polling::periodic:9","zsh:1"],"date":"2021-01-10T18:36:49+1100"}
{"pid":304144,"shlvl":1,"level":"INFO","dir":"/home/goy0","message":"ZPLUG_LOADFILE is not found","trace":["__zplug::log::write::info:2","__zplug::io::file::load:3","/home/goy0/.zplug/init.zsh:33","/home/goy0/.zshrc:6","zsh:0"],"date":"2021-01-10T18:36:49+1100"}
{"pid":304144,"shlvl":1,"level":"INFO","dir":"/home/goy0","message":"turn monitor on","trace":["__zplug::log::write::info:2","__zplug::job::polling::periodic:9","zsh:1"],"date":"2021-01-10T18:36:50+1100"}
{"pid":304350,"shlvl":1,"level":"INFO","dir":"/home/goy0","message":"ZPLUG_LOADFILE is not found","trace":["__zplug::log::write::info:2","__zplug::io::file::load:3","/home/goy0/.zplug/init.zsh:33","/home/goy0/.zshrc:6","zsh:0"],"date":"2021-01-10T18:36:52+1100"}
{"pid":304350,"shlvl":1,"level":"INFO","dir":"/home/goy0","message":"turn monitor on","trace":["__zplug::log::write::info:2","__zplug::job::polling::periodic:9","zsh:1"],"date":"2021-01-10T18:36:52+1100"}
{"pid":304536,"shlvl":1,"level":"INFO","dir":"/home/goy0","message":"ZPLUG_LOADFILE is not found","trace":["__zplug::log::write::info:2","__zplug::io::file::load:3","/home/goy0/.zplug/init.zsh:33","/home/goy0/.zshrc:6","zsh:0"],"date":"2021-01-10T18:36:54+1100"}
{"pid":304536,"shlvl":1,"level":"INFO","dir":"/home/goy0","message":"turn monitor on","trace":["__zplug::log::write::info:2","__zplug::job::polling::periodic:9","zsh:1"],"date":"2021-01-10T18:36:54+1100"}
{"pid":304723,"shlvl":1,"level":"INFO","dir":"/home/goy0","message":"ZPLUG_LOADFILE is not found","trace":["__zplug::log::write::info:2","__zplug::io::file::load:3","/home/goy0/.zplug/init.zsh:33","/home/goy0/.zshrc:6","zsh:0"],"date":"2021-01-10T18:36:56+1100"}
{"pid":304723,"shlvl":1,"level":"INFO","dir":"/home/goy0","message":"turn monitor on","trace":["__zplug::log::write::info:2","__zplug::job::polling::periodic:9","zsh:1"],"date":"2021-01-10T18:36:56+1100"}
{"pid":304911,"shlvl":1,"level":"INFO","dir":"/home/goy0","message":"ZPLUG_LOADFILE is not found","trace":["__zplug::log::write::info:2","__zplug::io::file::load:3","/home/goy0/.zplug/init.zsh:33","/home/goy0/.zshrc:6","zsh:0"],"date":"2021-01-10T18:36:56+1100"}
{"pid":304911,"shlvl":1,"level":"INFO","dir":"/home/goy0","message":"turn monitor on","trace":["__zplug::log::write::info:2","__zplug::job::polling::periodic:9","zsh:1"],"date":"2021-01-10T18:36:57+1100"}
{"pid":305266,"shlvl":1,"level":"INFO","dir":"/home/goy0","message":"ZPLUG_LOADFILE is not found","trace":["__zplug::log::write::info:2","__zplug::io::file::load:3","/home/goy0/.zplug/init.zsh:33","/home/goy0/.zshrc:6","zsh:0"],"date":"2021-01-10T18:46:41+1100"}
{"pid":305266,"shlvl":1,"level":"INFO","dir":"/home/goy0","message":"turn monitor on","trace":["__zplug::log::write::info:2","__zplug::job::polling::periodic:9","zsh:1"],"date":"2021-01-10T18:46:41+1100"}
{"pid":305451,"shlvl":1,"level":"INFO","dir":"/home/goy0","message":"ZPLUG_LOADFILE is not found","trace":["__zplug::log::write::info:2","__zplug::io::file::load:3","/home/goy0/.zplug/init.zsh:33","/home/goy0/.zshrc:6","zsh:0"],"date":"2021-01-10T18:46:41+1100"}
{"pid":305582,"shlvl":1,"level":"INFO","dir":"/home/goy0","message":"ZPLUG_LOADFILE is not found","trace":["__zplug::log::write::info:2","__zplug::io::file::load:3","/home/goy0/.zplug/init.zsh:33","/home/goy0/.zshrc:6","zsh:0"],"date":"2021-01-10T18:46:42+1100"}
{"pid":305451,"shlvl":1,"level":"INFO","dir":"/home/goy0","message":"turn monitor on","trace":["__zplug::log::write::info:2","__zplug::job::polling::periodic:9","zsh:1"],"date":"2021-01-10T18:46:42+1100"}
{"pid":305582,"shlvl":1,"level":"INFO","dir":"/home/goy0","message":"turn monitor on","trace":["__zplug::log::write::info:2","__zplug::job::polling::periodic:9","zsh:1"],"date":"2021-01-10T18:46:42+1100"}
{"pid":305972,"shlvl":1,"level":"INFO","dir":"/home/goy0","message":"ZPLUG_LOADFILE is not found","trace":["__zplug::log::write::info:2","__zplug::io::file::load:3","/home/goy0/.zplug/init.zsh:33","/home/goy0/.zshrc:6","zsh:0"],"date":"2021-01-10T18:54:54+1100"}
{"pid":305972,"shlvl":1,"level":"INFO","dir":"/home/goy0","message":"turn monitor on","trace":["__zplug::log::write::info:2","__zplug::job::polling::periodic:9","zsh:1"],"date":"2021-01-10T18:54:54+1100"}
{"pid":306154,"shlvl":1,"level":"INFO","dir":"/home/goy0","message":"ZPLUG_LOADFILE is not found","trace":["__zplug::log::write::info:2","__zplug::io::file::load:3","/home/goy0/.zplug/init.zsh:33","/home/goy0/.zshrc:6","zsh:0"],"date":"2021-01-10T18:54:54+1100"}
{"pid":306154,"shlvl":1,"level":"INFO","dir":"/home/goy0","message":"turn monitor on","trace":["__zplug::log::write::info:2","__zplug::job::polling::periodic:9","zsh:1"],"date":"2021-01-10T18:54:54+1100"}
{"pid":306527,"shlvl":1,"level":"INFO","dir":"/home/goy0","message":"ZPLUG_LOADFILE is not found","trace":["__zplug::log::write::info:2","__zplug::io::file::load:3","/home/goy0/.zplug/init.zsh:33","/home/goy0/.zshrc:6","zsh:0"],"date":"2021-01-10T18:57:47+1100"}
{"pid":306527,"shlvl":1,"level":"INFO","dir":"/home/goy0","message":"turn monitor on","trace":["__zplug::log::write::info:2","__zplug::job::polling::periodic:9","/usr/bin/zsh:1"],"date":"2021-01-10T18:57:47+1100"}
{"pid":306987,"shlvl":1,"level":"INFO","dir":"/home/goy0","message":"ZPLUG_LOADFILE is not found","trace":["__zplug::log::write::info:2","__zplug::io::file::load:3","/home/goy0/.zplug/init.zsh:33","/home/goy0/.zshrc:6","zsh:0"],"date":"2021-01-10T19:13:10+1100"}
{"pid":306987,"shlvl":1,"level":"INFO","dir":"/home/goy0","message":"turn monitor on","trace":["__zplug::log::write::info:2","__zplug::job::polling::periodic:9","zsh:1"],"date":"2021-01-10T19:13:10+1100"}
{"pid":308216,"shlvl":1,"level":"INFO","dir":"/home/goy0","message":"ZPLUG_LOADFILE is not found","trace":["__zplug::log::write::info:2","__zplug::io::file::load:3","/home/goy0/.zplug/init.zsh:33","/home/goy0/.zshrc:6","zsh:0"],"date":"2021-01-10T19:22:47+1100"}
{"pid":308216,"shlvl":1,"level":"INFO","dir":"/home/goy0","message":"turn monitor on","trace":["__zplug::log::write::info:2","__zplug::job::polling::periodic:9","/usr/bin/zsh:1"],"date":"2021-01-10T19:22:47+1100"}
{"pid":308408,"shlvl":1,"level":"INFO","dir":"/home/goy0","message":"ZPLUG_LOADFILE is not found","trace":["__zplug::log::write::info:2","__zplug::io::file::load:3","/home/goy0/.zplug/init.zsh:33","/home/goy0/.zshrc:6","zsh:0"],"date":"2021-01-10T19:22:57+1100"}
{"pid":308408,"shlvl":1,"level":"INFO","dir":"/home/goy0","message":"turn monitor on","trace":["__zplug::log::write::info:2","__zplug::job::polling::periodic:9","zsh:1"],"date":"2021-01-10T19:22:58+1100"}
{"pid":309546,"shlvl":1,"level":"INFO","dir":"/home/goy0","message":"ZPLUG_LOADFILE is not found","trace":["__zplug::log::write::info:2","__zplug::io::file::load:3","/home/goy0/.zplug/init.zsh:33","/home/goy0/.zshrc:6","zsh:0"],"date":"2021-01-10T19:23:11+1100"}
{"pid":309546,"shlvl":1,"level":"INFO","dir":"/home/goy0","message":"turn monitor on","trace":["__zplug::log::write::info:2","__zplug::job::polling::periodic:9","zsh:1"],"date":"2021-01-10T19:23:11+1100"}
{"pid":312525,"shlvl":1,"level":"INFO","dir":"/home/goy0","message":"ZPLUG_LOADFILE is not found","trace":["__zplug::log::write::info:2","__zplug::io::file::load:3","/home/goy0/.zplug/init.zsh:33","/home/goy0/.zshrc:6","zsh:0"],"date":"2021-01-10T19:35:50+1100"}
{"pid":312525,"shlvl":1,"level":"INFO","dir":"/home/goy0","message":"turn monitor on","trace":["__zplug::log::write::info:2","__zplug::job::polling::periodic:9","zsh:1"],"date":"2021-01-10T19:35:50+1100"}
{"pid":312968,"shlvl":1,"level":"INFO","dir":"/home/goy0","message":"ZPLUG_LOADFILE is not found","trace":["__zplug::log::write::info:2","__zplug::io::file::load:3","/home/goy0/.zplug/init.zsh:33","/home/goy0/.zshrc:6","zsh:0"],"date":"2021-01-10T19:39:31+1100"}
{"pid":312968,"shlvl":1,"level":"INFO","dir":"/home/goy0","message":"turn monitor on","trace":["__zplug::log::write::info:2","__zplug::job::polling::periodic:9","zsh:1"],"date":"2021-01-10T19:39:31+1100"}
{"pid":313265,"shlvl":1,"level":"INFO","dir":"/home/goy0","message":"ZPLUG_LOADFILE is not found","trace":["__zplug::log::write::info:2","__zplug::io::file::load:3","/home/goy0/.zplug/init.zsh:33","/home/goy0/.zshrc:6","zsh:0"],"date":"2021-01-10T19:40:29+1100"}
{"pid":313265,"shlvl":1,"level":"INFO","dir":"/home/goy0","message":"turn monitor on","trace":["__zplug::log::write::info:2","__zplug::job::polling::periodic:9","zsh:1"],"date":"2021-01-10T19:40:29+1100"}
{"pid":313571,"shlvl":1,"level":"INFO","dir":"/home/goy0","message":"ZPLUG_LOADFILE is not found","trace":["__zplug::log::write::info:2","__zplug::io::file::load:3","/home/goy0/.zplug/init.zsh:33","/home/goy0/.zshrc:6","zsh:0"],"date":"2021-01-10T19:44:56+1100"}
{"pid":313571,"shlvl":1,"level":"INFO","dir":"/home/goy0","message":"turn monitor on","trace":["__zplug::log::write::info:2","__zplug::job::polling::periodic:9","zsh:1"],"date":"2021-01-10T19:44:56+1100"}
{"pid":313873,"shlvl":1,"level":"INFO","dir":"/home/goy0","message":"ZPLUG_LOADFILE is not found","trace":["__zplug::log::write::info:2","__zplug::io::file::load:3","/home/goy0/.zplug/init.zsh:33","/home/goy0/.zshrc:6","zsh:0"],"date":"2021-01-10T19:45:42+1100"}
{"pid":313873,"shlvl":1,"level":"INFO","dir":"/home/goy0","message":"turn monitor on","trace":["__zplug::log::write::info:2","__zplug::job::polling::periodic:9","zsh:1"],"date":"2021-01-10T19:45:43+1100"}
{"pid":314070,"shlvl":1,"level":"INFO","dir":"/home/goy0","message":"ZPLUG_LOADFILE is not found","trace":["__zplug::log::write::info:2","__zplug::io::file::load:3","/home/goy0/.zplug/init.zsh:33","/home/goy0/.zshrc:6","zsh:0"],"date":"2021-01-10T19:45:52+1100"}
{"pid":314070,"shlvl":1,"level":"INFO","dir":"/home/goy0","message":"turn monitor on","trace":["__zplug::log::write::info:2","__zplug::job::polling::periodic:9","zsh:1"],"date":"2021-01-10T19:45:52+1100"}
{"pid":314532,"shlvl":1,"level":"INFO","dir":"/home/goy0","message":"ZPLUG_LOADFILE is not found","trace":["__zplug::log::write::info:2","__zplug::io::file::load:3","/home/goy0/.zplug/init.zsh:33","/home/goy0/.zshrc:6","zsh:0"],"date":"2021-01-10T19:50:13+1100"}
{"pid":314532,"shlvl":1,"level":"INFO","dir":"/home/goy0","message":"turn monitor on","trace":["__zplug::log::write::info:2","__zplug::job::polling::periodic:9","zsh:1"],"date":"2021-01-10T19:50:14+1100"}
{"pid":314890,"shlvl":1,"level":"INFO","dir":"/home/goy0","message":"ZPLUG_LOADFILE is not found","trace":["__zplug::log::write::info:2","__zplug::io::file::load:3","/home/goy0/.zplug/init.zsh:33","/home/goy0/.zshrc:6","zsh:0"],"date":"2021-01-10T19:52:55+1100"}
{"pid":314890,"shlvl":1,"level":"INFO","dir":"/home/goy0","message":"turn monitor on","trace":["__zplug::log::write::info:2","__zplug::job::polling::periodic:9","zsh:1"],"date":"2021-01-10T19:52:56+1100"}
{"pid":315171,"shlvl":1,"level":"INFO","dir":"/home/goy0","message":"ZPLUG_LOADFILE is not found","trace":["__zplug::log::write::info:2","__zplug::io::file::load:3","/home/goy0/.zplug/init.zsh:33","/home/goy0/.zshrc:6","zsh:0"],"date":"2021-01-10T20:04:09+1100"}
{"pid":315171,"shlvl":1,"level":"INFO","dir":"/home/goy0","message":"turn monitor on","trace":["__zplug::log::write::info:2","__zplug::job::polling::periodic:9","zsh:1"],"date":"2021-01-10T20:04:10+1100"}
{"pid":315515,"shlvl":1,"level":"INFO","dir":"/home/goy0","message":"ZPLUG_LOADFILE is not found","trace":["__zplug::log::write::info:2","__zplug::io::file::load:3","/home/goy0/.zplug/init.zsh:33","/home/goy0/.zshrc:6","zsh:0"],"date":"2021-01-10T20:05:26+1100"}
{"pid":315515,"shlvl":1,"level":"INFO","dir":"/home/goy0","message":"turn monitor on","trace":["__zplug::log::write::info:2","__zplug::job::polling::periodic:9","zsh:1"],"date":"2021-01-10T20:05:26+1100"}
{"pid":316660,"shlvl":1,"level":"INFO","dir":"/home/goy0","message":"ZPLUG_LOADFILE is not found","trace":["__zplug::log::write::info:2","__zplug::io::file::load:3","/home/goy0/.zplug/init.zsh:33","/home/goy0/.zshrc:6","zsh:0"],"date":"2021-01-10T20:06:06+1100"}
{"pid":316660,"shlvl":1,"level":"INFO","dir":"/home/goy0","message":"turn monitor on","trace":["__zplug::log::write::info:2","__zplug::job::polling::periodic:9","zsh:1"],"date":"2021-01-10T20:06:07+1100"}
{"pid":5192,"shlvl":1,"level":"INFO","dir":"/home/goy0","message":"ZPLUG_LOADFILE is not found","trace":["__zplug::log::write::info:2","__zplug::io::file::load:3","/home/goy0/.zplug/init.zsh:33","/home/goy0/.zshrc:6","zsh:0"],"date":"2021-01-10T20:07:15+1100"}
{"pid":5192,"shlvl":1,"level":"INFO","dir":"/home/goy0","message":"turn monitor on","trace":["__zplug::log::write::info:2","__zplug::job::polling::periodic:9","/usr/bin/zsh:1"],"date":"2021-01-10T20:07:16+1100"}
{"pid":5495,"shlvl":1,"level":"INFO","dir":"/home/goy0/.config/plasma-workspace/env","message":"ZPLUG_LOADFILE is not found","trace":["__zplug::log::write::info:2","__zplug::io::file::load:3","/home/goy0/.zplug/init.zsh:33","/home/goy0/.zshrc:6","zsh:0"],"date":"2021-01-10T20:07:18+1100"}
{"pid":5495,"shlvl":1,"level":"INFO","dir":"/home/goy0/.config/plasma-workspace/env","message":"turn monitor on","trace":["__zplug::log::write::info:2","__zplug::job::polling::periodic:9","/usr/bin/zsh:1"],"date":"2021-01-10T20:07:19+1100"}
{"pid":5181,"shlvl":1,"level":"INFO","dir":"/home/goy0","message":"ZPLUG_LOADFILE is not found","trace":["__zplug::log::write::info:2","__zplug::io::file::load:3","/home/goy0/.zplug/init.zsh:33","/home/goy0/.zshrc:6","zsh:0"],"date":"2021-01-10T20:09:26+1100"}
{"pid":5181,"shlvl":1,"level":"INFO","dir":"/home/goy0","message":"turn monitor on","trace":["__zplug::log::write::info:2","__zplug::job::polling::periodic:9","/usr/bin/zsh:1"],"date":"2021-01-10T20:09:26+1100"}
{"pid":5485,"shlvl":1,"level":"INFO","dir":"/home/goy0/.config/plasma-workspace/env","message":"ZPLUG_LOADFILE is not found","trace":["__zplug::log::write::info:2","__zplug::io::file::load:3","/home/goy0/.zplug/init.zsh:33","/home/goy0/.zshrc:6","zsh:0"],"date":"2021-01-10T20:09:28+1100"}
{"pid":5485,"shlvl":1,"level":"INFO","dir":"/home/goy0/.config/plasma-workspace/env","message":"turn monitor on","trace":["__zplug::log::write::info:2","__zplug::job::polling::periodic:9","/usr/bin/zsh:1"],"date":"2021-01-10T20:09:29+1100"}
{"pid":11271,"shlvl":1,"level":"INFO","dir":"/home/goy0","message":"ZPLUG_LOADFILE is not found","trace":["__zplug::log::write::info:2","__zplug::io::file::load:3","/home/goy0/.zplug/init.zsh:33","/home/goy0/.zshrc:6","zsh:0"],"date":"2021-01-10T20:10:34+1100"}
{"pid":11271,"shlvl":1,"level":"INFO","dir":"/home/goy0","message":"turn monitor on","trace":["__zplug::log::write::info:2","__zplug::job::polling::periodic:9","zsh:1"],"date":"2021-01-10T20:10:34+1100"}
{"pid":14945,"shlvl":1,"level":"INFO","dir":"/home/goy0","message":"ZPLUG_LOADFILE is not found","trace":["__zplug::log::write::info:2","__zplug::io::file::load:3","/home/goy0/.zplug/init.zsh:33","/home/goy0/.zshrc:6","zsh:0"],"date":"2021-01-10T20:11:06+1100"}
{"pid":14945,"shlvl":1,"level":"INFO","dir":"/home/goy0","message":"turn monitor on","trace":["__zplug::log::write::info:2","__zplug::job::polling::periodic:9","zsh:1"],"date":"2021-01-10T20:11:06+1100"}
{"pid":18705,"shlvl":1,"level":"INFO","dir":"/home/goy0","message":"ZPLUG_LOADFILE is not found","trace":["__zplug::log::write::info:2","__zplug::io::file::load:3","/home/goy0/.zplug/init.zsh:33","/home/goy0/.zshrc:6","zsh:0"],"date":"2021-01-10T20:11:39+1100"}
{"pid":18705,"shlvl":1,"level":"INFO","dir":"/home/goy0","message":"turn monitor on","trace":["__zplug::log::write::info:2","__zplug::job::polling::periodic:9","zsh:1"],"date":"2021-01-10T20:11:39+1100"}
{"pid":22364,"shlvl":1,"level":"INFO","dir":"/home/goy0","message":"ZPLUG_LOADFILE is not found","trace":["__zplug::log::write::info:2","__zplug::io::file::load:3","/home/goy0/.zplug/init.zsh:33","/home/goy0/.zshrc:6","zsh:0"],"date":"2021-01-10T20:12:35+1100"}
{"pid":22364,"shlvl":1,"level":"INFO","dir":"/home/goy0","message":"turn monitor on","trace":["__zplug::log::write::info:2","__zplug::job::polling::periodic:9","zsh:1"],"date":"2021-01-10T20:12:35+1100"}
{"pid":26014,"shlvl":1,"level":"INFO","dir":"/home/goy0","message":"ZPLUG_LOADFILE is not found","trace":["__zplug::log::write::info:2","__zplug::io::file::load:3","/home/goy0/.zplug/init.zsh:33","/home/goy0/.zshrc:6","zsh:0"],"date":"2021-01-10T20:13:04+1100"}
{"pid":26014,"shlvl":1,"level":"INFO","dir":"/home/goy0","message":"turn monitor on","trace":["__zplug::log::write::info:2","__zplug::job::polling::periodic:9","zsh:1"],"date":"2021-01-10T20:13:05+1100"}
{"pid":28142,"shlvl":1,"level":"INFO","dir":"/home/goy0","message":"ZPLUG_LOADFILE is not found","trace":["__zplug::log::write::info:2","__zplug::io::file::load:3","/home/goy0/.zplug/init.zsh:33","/home/goy0/.zshrc:6","zsh:0"],"date":"2021-01-10T20:13:38+1100"}
{"pid":28142,"shlvl":1,"level":"INFO","dir":"/home/goy0","message":"turn monitor on","trace":["__zplug::log::write::info:2","__zplug::job::polling::periodic:9","zsh:1"],"date":"2021-01-10T20:13:38+1100"}
{"pid":49291,"shlvl":1,"level":"INFO","dir":"/home/goy0","message":"ZPLUG_LOADFILE is not found","trace":["__zplug::log::write::info:2","__zplug::io::file::load:3","/home/goy0/.zplug/init.zsh:33","/home/goy0/.zshrc:6","zsh:0"],"date":"2021-01-10T20:18:32+1100"}
{"pid":49291,"shlvl":1,"level":"INFO","dir":"/home/goy0","message":"turn monitor on","trace":["__zplug::log::write::info:2","__zplug::job::polling::periodic:9","zsh:1"],"date":"2021-01-10T20:18:32+1100"}
{"pid":142932,"shlvl":1,"level":"INFO","dir":"/home/goy0","message":"ZPLUG_LOADFILE is not found","trace":["__zplug::log::write::info:2","__zplug::io::file::load:3","/home/goy0/.zplug/init.zsh:33","/home/goy0/.zshrc:6","zsh:0"],"date":"2021-01-10T20:47:04+1100"}
{"pid":142932,"shlvl":1,"level":"INFO","dir":"/home/goy0","message":"turn monitor on","trace":["__zplug::log::write::info:2","__zplug::job::polling::periodic:9","zsh:1"],"date":"2021-01-10T20:47:04+1100"}
{"pid":158447,"shlvl":1,"level":"INFO","dir":"/home/goy0","message":"ZPLUG_LOADFILE is not found","trace":["__zplug::log::write::info:2","__zplug::io::file::load:3","/home/goy0/.zplug/init.zsh:33","/home/goy0/.zshrc:6","zsh:0"],"date":"2021-01-10T21:08:48+1100"}
{"pid":158447,"shlvl":1,"level":"INFO","dir":"/home/goy0","message":"turn monitor on","trace":["__zplug::log::write::info:2","__zplug::job::polling::periodic:9","zsh:1"],"date":"2021-01-10T21:08:48+1100"}
{"pid":7400,"shlvl":1,"level":"INFO","dir":"/home/goy0","message":"ZPLUG_LOADFILE is not found","trace":["__zplug::log::write::info:2","__zplug::io::file::load:3","/home/goy0/.zplug/init.zsh:33","/home/goy0/.zshrc:6","zsh:0"],"date":"2021-01-10T21:12:50+1100"}
{"pid":7400,"shlvl":1,"level":"INFO","dir":"/home/goy0","message":"turn monitor on","trace":["__zplug::log::write::info:2","__zplug::job::polling::periodic:9","/usr/bin/zsh:1"],"date":"2021-01-10T21:12:51+1100"}
{"pid":7798,"shlvl":1,"level":"INFO","dir":"/home/goy0/.config/plasma-workspace/env","message":"ZPLUG_LOADFILE is not found","trace":["__zplug::log::write::info:2","__zplug::io::file::load:3","/home/goy0/.zplug/init.zsh:33","/home/goy0/.zshrc:6","zsh:0"],"date":"2021-01-10T21:12:52+1100"}
{"pid":7798,"shlvl":1,"level":"INFO","dir":"/home/goy0/.config/plasma-workspace/env","message":"turn monitor on","trace":["__zplug::log::write::info:2","__zplug::job::polling::periodic:9","/usr/bin/zsh:1"],"date":"2021-01-10T21:12:53+1100"}
{"pid":32064,"shlvl":1,"level":"INFO","dir":"/home/goy0","message":"ZPLUG_LOADFILE is not found","trace":["__zplug::log::write::info:2","__zplug::io::file::load:3","/home/goy0/.zplug/init.zsh:33","/home/goy0/.zshrc:6","zsh:0"],"date":"2021-01-10T21:18:06+1100"}
{"pid":32064,"shlvl":1,"level":"INFO","dir":"/home/goy0","message":"turn monitor on","trace":["__zplug::log::write::info:2","__zplug::job::polling::periodic:9","zsh:1"],"date":"2021-01-10T21:18:06+1100"}
{"pid":37751,"shlvl":1,"level":"INFO","dir":"/home/goy0","message":"ZPLUG_LOADFILE is not found","trace":["__zplug::log::write::info:2","__zplug::io::file::load:3","/home/goy0/.zplug/init.zsh:33","/home/goy0/.zshrc:6","zsh:0"],"date":"2021-01-10T21:19:38+1100"}
{"pid":37751,"shlvl":1,"level":"INFO","dir":"/home/goy0","message":"turn monitor on","trace":["__zplug::log::write::info:2","__zplug::job::polling::periodic:9","zsh:1"],"date":"2021-01-10T21:19:38+1100"}
{"pid":39212,"shlvl":1,"level":"INFO","dir":"/home/goy0","message":"ZPLUG_LOADFILE is not found","trace":["__zplug::log::write::info:2","__zplug::io::file::load:3","/home/goy0/.zplug/init.zsh:33","/home/goy0/.zshrc:6","zsh:0"],"date":"2021-01-10T21:19:51+1100"}
{"pid":39212,"shlvl":1,"level":"INFO","dir":"/home/goy0","message":"turn monitor on","trace":["__zplug::log::write::info:2","__zplug::job::polling::periodic:9","zsh:1"],"date":"2021-01-10T21:19:51+1100"}
{"pid":50388,"shlvl":1,"level":"INFO","dir":"/home/goy0","message":"ZPLUG_LOADFILE is not found","trace":["__zplug::log::write::info:2","__zplug::io::file::load:3","/home/goy0/.zplug/init.zsh:33","/home/goy0/.zshrc:6","zsh:0"],"date":"2021-01-10T21:24:12+1100"}
{"pid":50388,"shlvl":1,"level":"INFO","dir":"/home/goy0","message":"turn monitor on","trace":["__zplug::log::write::info:2","__zplug::job::polling::periodic:9","zsh:1"],"date":"2021-01-10T21:24:12+1100"}
{"pid":59182,"shlvl":1,"level":"INFO","dir":"/home/goy0","message":"ZPLUG_LOADFILE is not found","trace":["__zplug::log::write::info:2","__zplug::io::file::load:3","/home/goy0/.zplug/init.zsh:33","/home/goy0/.zshrc:6","zsh:0"],"date":"2021-01-10T21:28:35+1100"}
{"pid":59182,"shlvl":1,"level":"INFO","dir":"/home/goy0","message":"turn monitor on","trace":["__zplug::log::write::info:2","__zplug::job::polling::periodic:9","zsh:1"],"date":"2021-01-10T21:28:36+1100"}
{"pid":62666,"shlvl":1,"level":"INFO","dir":"/home/goy0","message":"ZPLUG_LOADFILE is not found","trace":["__zplug::log::write::info:2","__zplug::io::file::load:3","/home/goy0/.zplug/init.zsh:33","/home/goy0/.zshrc:6","zsh:0"],"date":"2021-01-10T21:30:46+1100"}
{"pid":62666,"shlvl":1,"level":"INFO","dir":"/home/goy0","message":"turn monitor on","trace":["__zplug::log::write::info:2","__zplug::job::polling::periodic:9","zsh:1"],"date":"2021-01-10T21:30:46+1100"}
{"pid":63592,"shlvl":1,"level":"INFO","dir":"/home/goy0","message":"ZPLUG_LOADFILE is not found","trace":["__zplug::log::write::info:2","__zplug::io::file::load:3","/home/goy0/.zplug/init.zsh:33","/home/goy0/.zshrc:6","zsh:0"],"date":"2021-01-10T21:31:26+1100"}
{"pid":63592,"shlvl":1,"level":"INFO","dir":"/home/goy0","message":"turn monitor on","trace":["__zplug::log::write::info:2","__zplug::job::polling::periodic:9","zsh:1"],"date":"2021-01-10T21:31:26+1100"}
{"pid":81933,"shlvl":1,"level":"INFO","dir":"/home/goy0","message":"ZPLUG_LOADFILE is not found","trace":["__zplug::log::write::info:2","__zplug::io::file::load:3","/home/goy0/.zplug/init.zsh:33","/home/goy0/.zshrc:6","zsh:0"],"date":"2021-01-10T21:55:03+1100"}
{"pid":81933,"shlvl":1,"level":"INFO","dir":"/home/goy0","message":"turn monitor on","trace":["__zplug::log::write::info:2","__zplug::job::polling::periodic:9","zsh:1"],"date":"2021-01-10T21:55:03+1100"}
{"pid":82954,"shlvl":1,"level":"INFO","dir":"/home/goy0","message":"ZPLUG_LOADFILE is not found","trace":["__zplug::log::write::info:2","__zplug::io::file::load:3","/home/goy0/.zplug/init.zsh:33","/home/goy0/.zshrc:6","zsh:0"],"date":"2021-01-10T22:03:46+1100"}
{"pid":82954,"shlvl":1,"level":"INFO","dir":"/home/goy0","message":"turn monitor on","trace":["__zplug::log::write::info:2","__zplug::job::polling::periodic:9","zsh:1"],"date":"2021-01-10T22:03:47+1100"}
{"pid":84493,"shlvl":1,"level":"INFO","dir":"/home/goy0","message":"ZPLUG_LOADFILE is not found","trace":["__zplug::log::write::info:2","__zplug::io::file::load:3","/home/goy0/.zplug/init.zsh:33","/home/goy0/.zshrc:6","zsh:0"],"date":"2021-01-10T22:23:09+1100"}
{"pid":84493,"shlvl":1,"level":"INFO","dir":"/home/goy0","message":"turn monitor on","trace":["__zplug::log::write::info:2","__zplug::job::polling::periodic:9","zsh:1"],"date":"2021-01-10T22:23:09+1100"}
{"pid":85180,"shlvl":1,"level":"INFO","dir":"/home/goy0","message":"ZPLUG_LOADFILE is not found","trace":["__zplug::log::write::info:2","__zplug::io::file::load:3","/home/goy0/.zplug/init.zsh:33","/home/goy0/.zshrc:6","zsh:0"],"date":"2021-01-10T22:25:48+1100"}
{"pid":85180,"shlvl":1,"level":"INFO","dir":"/home/goy0","message":"turn monitor on","trace":["__zplug::log::write::info:2","__zplug::job::polling::periodic:9","zsh:1"],"date":"2021-01-10T22:25:48+1100"}
{"pid":85376,"shlvl":1,"level":"INFO","dir":"/home/goy0","message":"ZPLUG_LOADFILE is not found","trace":["__zplug::log::write::info:2","__zplug::io::file::load:3","/home/goy0/.zplug/init.zsh:33","/home/goy0/.zshrc:6","zsh:0"],"date":"2021-01-10T22:25:51+1100"}
{"pid":85376,"shlvl":1,"level":"INFO","dir":"/home/goy0","message":"turn monitor on","trace":["__zplug::log::write::info:2","__zplug::job::polling::periodic:9","zsh:1"],"date":"2021-01-10T22:25:51+1100"}
{"pid":86412,"shlvl":1,"level":"INFO","dir":"/home/goy0","message":"ZPLUG_LOADFILE is not found","trace":["__zplug::log::write::info:2","__zplug::io::file::load:3","/home/goy0/.zplug/init.zsh:33","/home/goy0/.zshrc:6","zsh:0"],"date":"2021-01-10T22:38:45+1100"}
{"pid":86412,"shlvl":1,"level":"INFO","dir":"/home/goy0","message":"turn monitor on","trace":["__zplug::log::write::info:2","__zplug::job::polling::periodic:9","zsh:1"],"date":"2021-01-10T22:38:46+1100"}
{"pid":86956,"shlvl":1,"level":"INFO","dir":"/home/goy0","message":"ZPLUG_LOADFILE is not found","trace":["__zplug::log::write::info:2","__zplug::io::file::load:3","/home/goy0/.zplug/init.zsh:33","/home/goy0/.zshrc:6","zsh:0"],"date":"2021-01-10T22:50:08+1100"}
{"pid":86956,"shlvl":1,"level":"INFO","dir":"/home/goy0","message":"turn monitor on","trace":["__zplug::log::write::info:2","__zplug::job::polling::periodic:9","zsh:1"],"date":"2021-01-10T22:50:09+1100"}
{"pid":87601,"shlvl":2,"level":"INFO","dir":"/home/goy0/.qStart/bakUp","message":"ZPLUG_LOADFILE is not found","trace":["__zplug::log::write::info:2","__zplug::io::file::load:3","/home/goy0/.zplug/init.zsh:33","/home/goy0/.zshrc:6","zsh:0"],"date":"2021-01-10T23:01:56+1100"}
{"pid":87601,"shlvl":2,"level":"INFO","dir":"/home/goy0/.qStart/bakUp","message":"turn monitor on","trace":["__zplug::log::write::info:2","__zplug::job::polling::periodic:9","/usr/bin/zsh:1"],"date":"2021-01-10T23:01:57+1100"}
{"pid":87888,"shlvl":2,"level":"INFO","dir":"/home/goy0/.qStart/bakUp","message":"ZPLUG_LOADFILE is not found","trace":["__zplug::log::write::info:2","__zplug::io::file::load:3","/home/goy0/.zplug/init.zsh:33","/home/goy0/.zshrc:6","zsh:0"],"date":"2021-01-10T23:02:26+1100"}
{"pid":87888,"shlvl":2,"level":"INFO","dir":"/home/goy0/.qStart/bakUp","message":"turn monitor on","trace":["__zplug::log::write::info:2","__zplug::job::polling::periodic:9","/usr/bin/zsh:1"],"date":"2021-01-10T23:02:26+1100"}
