1609146370.216110 client started (44797): version 3.0a, socket /tmp//tmux-1000/default, protocol 8
1609146370.216155 on Linux 5.4.0-58-generic #64-Ubuntu SMP Wed Dec 9 08:16:25 UTC 2020; libevent 2.1.11-stable (poll)
1609146370.216188 socket is /tmp//tmux-1000/default
1609146370.216207 trying connect
1609146370.216313 add peer 0x563fc791b070: 6 ((nil))
1609146370.216438 sending message 100 to peer 0x563fc791b070 (4 bytes)
1609146370.216451 sending message 101 to peer 0x563fc791b070 (15 bytes)
1609146370.216457 sending message 102 to peer 0x563fc791b070 (11 bytes)
1609146370.216463 sending message 108 to peer 0x563fc791b070 (25 bytes)
1609146370.216472 sending message 104 to peer 0x563fc791b070 (0 bytes)
1609146370.216482 sending message 107 to peer 0x563fc791b070 (4 bytes)
1609146370.216491 sending message 105 to peer 0x563fc791b070 (23 bytes)
1609146370.216499 sending message 105 to peer 0x563fc791b070 (15 bytes)
1609146370.216507 sending message 105 to peer 0x563fc791b070 (20 bytes)
1609146370.216515 sending message 105 to peer 0x563fc791b070 (54 bytes)
1609146370.216520 sending message 105 to peer 0x563fc791b070 (51 bytes)
1609146370.216526 sending message 105 to peer 0x563fc791b070 (23 bytes)
1609146370.216534 sending message 105 to peer 0x563fc791b070 (11 bytes)
1609146370.216542 sending message 105 to peer 0x563fc791b070 (12 bytes)
1609146370.216550 sending message 105 to peer 0x563fc791b070 (52 bytes)
1609146370.216556 sending message 105 to peer 0x563fc791b070 (19 bytes)
1609146370.216561 sending message 105 to peer 0x563fc791b070 (28 bytes)
1609146370.216566 sending message 105 to peer 0x563fc791b070 (57 bytes)
1609146370.216571 sending message 105 to peer 0x563fc791b070 (16 bytes)
1609146370.216576 sending message 105 to peer 0x563fc791b070 (41 bytes)
1609146370.216581 sending message 105 to peer 0x563fc791b070 (18 bytes)
1609146370.216586 sending message 105 to peer 0x563fc791b070 (22 bytes)
1609146370.216591 sending message 105 to peer 0x563fc791b070 (21 bytes)
1609146370.216596 sending message 105 to peer 0x563fc791b070 (22 bytes)
1609146370.216601 sending message 105 to peer 0x563fc791b070 (28 bytes)
1609146370.216611 sending message 105 to peer 0x563fc791b070 (33 bytes)
1609146370.216616 sending message 105 to peer 0x563fc791b070 (31 bytes)
1609146370.216621 sending message 105 to peer 0x563fc791b070 (23 bytes)
1609146370.216626 sending message 105 to peer 0x563fc791b070 (17 bytes)
1609146370.216631 sending message 105 to peer 0x563fc791b070 (18 bytes)
1609146370.216637 sending message 105 to peer 0x563fc791b070 (93 bytes)
1609146370.216642 sending message 105 to peer 0x563fc791b070 (13 bytes)
1609146370.216647 sending message 105 to peer 0x563fc791b070 (32 bytes)
1609146370.216652 sending message 105 to peer 0x563fc791b070 (100 bytes)
1609146370.216661 sending message 105 to peer 0x563fc791b070 (54 bytes)
1609146370.216669 sending message 105 to peer 0x563fc791b070 (32 bytes)
1609146370.216678 sending message 105 to peer 0x563fc791b070 (50 bytes)
1609146370.216686 sending message 105 to peer 0x563fc791b070 (126 bytes)
1609146370.216695 sending message 105 to peer 0x563fc791b070 (42 bytes)
1609146370.216724 sending message 105 to peer 0x563fc791b070 (13 bytes)
1609146370.216734 sending message 105 to peer 0x563fc791b070 (21 bytes)
1609146370.216740 sending message 105 to peer 0x563fc791b070 (29 bytes)
1609146370.216746 sending message 105 to peer 0x563fc791b070 (19 bytes)
1609146370.216751 sending message 105 to peer 0x563fc791b070 (19 bytes)
1609146370.216758 sending message 105 to peer 0x563fc791b070 (30 bytes)
1609146370.216767 sending message 105 to peer 0x563fc791b070 (18 bytes)
1609146370.216775 sending message 105 to peer 0x563fc791b070 (58 bytes)
1609146370.216781 sending message 105 to peer 0x563fc791b070 (86 bytes)
1609146370.216787 sending message 105 to peer 0x563fc791b070 (19 bytes)
1609146370.216792 sending message 105 to peer 0x563fc791b070 (50 bytes)
1609146370.216797 sending message 105 to peer 0x563fc791b070 (8 bytes)
1609146370.216803 sending message 105 to peer 0x563fc791b070 (19 bytes)
1609146370.216818 sending message 105 to peer 0x563fc791b070 (47 bytes)
1609146370.216824 sending message 105 to peer 0x563fc791b070 (20 bytes)
1609146370.216830 sending message 105 to peer 0x563fc791b070 (37 bytes)
1609146370.216835 sending message 105 to peer 0x563fc791b070 (13 bytes)
1609146370.216840 sending message 105 to peer 0x563fc791b070 (10 bytes)
1609146370.216846 sending message 105 to peer 0x563fc791b070 (18 bytes)
1609146370.216851 sending message 105 to peer 0x563fc791b070 (34 bytes)
1609146370.216856 sending message 105 to peer 0x563fc791b070 (16 bytes)
1609146370.216862 sending message 105 to peer 0x563fc791b070 (22 bytes)
1609146370.216867 sending message 105 to peer 0x563fc791b070 (45 bytes)
1609146370.216872 sending message 105 to peer 0x563fc791b070 (24 bytes)
1609146370.216878 sending message 105 to peer 0x563fc791b070 (83 bytes)
1609146370.216883 sending message 105 to peer 0x563fc791b070 (31 bytes)
1609146370.216889 sending message 105 to peer 0x563fc791b070 (15 bytes)
1609146370.216896 sending message 105 to peer 0x563fc791b070 (52 bytes)
1609146370.216904 sending message 105 to peer 0x563fc791b070 (23 bytes)
1609146370.216913 sending message 105 to peer 0x563fc791b070 (24 bytes)
1609146370.216922 sending message 105 to peer 0x563fc791b070 (17 bytes)
1609146370.216928 sending message 105 to peer 0x563fc791b070 (58 bytes)
1609146370.216933 sending message 105 to peer 0x563fc791b070 (21 bytes)
1609146370.216939 sending message 105 to peer 0x563fc791b070 (11 bytes)
1609146370.216944 sending message 105 to peer 0x563fc791b070 (20 bytes)
1609146370.216949 sending message 105 to peer 0x563fc791b070 (16 bytes)
1609146370.216955 sending message 106 to peer 0x563fc791b070 (0 bytes)
1609146370.216960 sending message 200 to peer 0x563fc791b070 (4 bytes)
1609146370.216966 client loop enter
1609146370.217620 peer 0x563fc791b070 message 211
1609146370.217640 client_write: sessions should be nested with care, unset $TMUX to force\n
1609146370.217661 peer 0x563fc791b070 message 203
1609146370.217670 client loop exit
